This file contains any messages produced by compilers while
running configure, to aid debugging if configure makes a mistake.

It was created by configure, which was
generated by GNU Autoconf 2.69.  Invocation command line was

  $ ./configure 

## --------- ##
## Platform. ##
## --------- ##

hostname = zhudongchangdeMacBook-Pro.local
uname -m = x86_64
uname -r = 15.0.0
uname -s = Darwin
uname -v = Darwin Kernel Version 15.0.0: Wed Aug 26 16:57:32 PDT 2015; root:xnu-3247.1.106~1/RELEASE_X86_64

/usr/bin/uname -p = i386
/bin/uname -X     = unknown

/bin/arch              = unknown
/usr/bin/arch -k       = unknown
/usr/convex/getsysinfo = unknown
/usr/bin/hostinfo      = Mach kernel version:
	 Darwin Kernel Version 15.0.0: Wed Aug 26 16:57:32 PDT 2015; root:xnu-3247.1.106~1/RELEASE_X86_64
Kernel configured for up to 4 processors.
2 processors are physically available.
4 processors are logically available.
Processor type: x86_64h (Intel x86-64h Haswell)
Processors active: 0 1 2 3
Primary memory available: 8.00 gigabytes
Default processor set: 293 tasks, 1132 threads, 4 processors
Load average: 1.10, Mach factor: 2.89
/bin/machine           = unknown
/usr/bin/oslevel       = unknown
/bin/universe          = unknown

PATH: /usr/local/sbin
PATH: /usr/local/bin
PATH: /usr/bin
PATH: /bin
PATH: /usr/sbin
PATH: /sbin


## ----------- ##
## Core tests. ##
## ----------- ##

configure:2393: checking for grep that handles long lines and -e
configure:2451: result: /usr/bin/grep
configure:2456: checking for egrep
configure:2518: result: /usr/bin/grep -E
configure:2523: checking for a sed that does not truncate output
configure:2577: result: /usr/bin/sed
configure:2709: checking for cc
configure:2725: found /usr/bin/cc
configure:2736: result: cc
configure:2767: checking for C compiler version
configure:2776: cc --version >&5
Apple LLVM version 7.0.0 (clang-700.1.76)
Target: x86_64-apple-darwin15.0.0
Thread model: posix
configure:2787: $? = 0
configure:2776: cc -v >&5
Apple LLVM version 7.0.0 (clang-700.1.76)
Target: x86_64-apple-darwin15.0.0
Thread model: posix
configure:2787: $? = 0
configure:2776: cc -V >&5
clang: error: argument to '-V' is missing (expected 1 value)
clang: error: no input files
configure:2787: $? = 1
configure:2776: cc -qversion >&5
clang: error: unknown argument: '-qversion'
clang: error: no input files
configure:2787: $? = 1
configure:2807: checking whether the C compiler works
configure:2829: cc    conftest.c  >&5
configure:2833: $? = 0
configure:2881: result: yes
configure:2884: checking for C compiler default output file name
configure:2886: result: a.out
configure:2892: checking for suffix of executables
configure:2899: cc -o conftest    conftest.c  >&5
configure:2903: $? = 0
configure:2925: result: 
configure:2947: checking whether we are cross compiling
configure:2955: cc -o conftest    conftest.c  >&5
configure:2959: $? = 0
configure:2966: ./conftest
configure:2970: $? = 0
configure:2985: result: no
configure:2990: checking for suffix of object files
configure:3012: cc -c   conftest.c >&5
configure:3016: $? = 0
configure:3037: result: o
configure:3041: checking whether we are using the GNU C compiler
configure:3060: cc -c   conftest.c >&5
configure:3060: $? = 0
configure:3069: result: yes
configure:3078: checking whether cc accepts -g
configure:3098: cc -c -g  conftest.c >&5
configure:3098: $? = 0
configure:3139: result: yes
configure:3156: checking for cc option to accept ISO C89
configure:3219: cc  -c -g -O2  conftest.c >&5
configure:3219: $? = 0
configure:3232: result: none needed
configure:3258: checking how to run the C preprocessor
configure:3289: cc -E  conftest.c
configure:3289: $? = 0
configure:3303: cc -E  conftest.c
conftest.c:9:10: fatal error: 'ac_nonexistent.h' file not found
#include <ac_nonexistent.h>
         ^
1 error generated.
configure:3303: $? = 1
configure: failed program was:
| /* confdefs.h */
| #define PACKAGE_NAME ""
| #define PACKAGE_TARNAME ""
| #define PACKAGE_VERSION ""
| #define PACKAGE_STRING ""
| #define PACKAGE_BUGREPORT ""
| #define PACKAGE_URL ""
| /* end confdefs.h.  */
| #include <ac_nonexistent.h>
configure:3328: result: cc -E
configure:3348: cc -E  conftest.c
configure:3348: $? = 0
configure:3362: cc -E  conftest.c
conftest.c:9:10: fatal error: 'ac_nonexistent.h' file not found
#include <ac_nonexistent.h>
         ^
1 error generated.
configure:3362: $? = 1
configure: failed program was:
| /* confdefs.h */
| #define PACKAGE_NAME ""
| #define PACKAGE_TARNAME ""
| #define PACKAGE_VERSION ""
| #define PACKAGE_STRING ""
| #define PACKAGE_BUGREPORT ""
| #define PACKAGE_URL ""
| /* end confdefs.h.  */
| #include <ac_nonexistent.h>
configure:3393: checking for icc
configure:3402: result: no
configure:3416: checking for suncc
configure:3425: result: no
configure:3443: checking whether cc understands -c and -o together
configure:3471: cc -c conftest.c -o conftest2.o >&5
configure:3475: $? = 0
configure:3481: cc -c conftest.c -o conftest2.o >&5
configure:3485: $? = 0
configure:3540: result: yes
configure:3554: checking for system library directory
configure:3569: result: lib
configure:3576: checking if compiler supports -R
configure:3595: cc -o conftest -g -O2   conftest.c -R /usr/lib  >&5
warning: unknown remark option '-R' [-Wunknown-warning-option]
1 warning generated.
ld: can't map file, errno=22 file '/usr/lib' for architecture x86_64
clang: error: linker command failed with exit code 1 (use -v to see invocation)
configure:3595: $? = 1
configure: failed program was:
| /* confdefs.h */
| #define PACKAGE_NAME ""
| #define PACKAGE_TARNAME ""
| #define PACKAGE_VERSION ""
| #define PACKAGE_STRING ""
| #define PACKAGE_BUGREPORT ""
| #define PACKAGE_URL ""
| /* end confdefs.h.  */
| 
| int
| main ()
| {
| 
|   ;
|   return 0;
| }
configure:3605: result: no
configure:3610: checking if compiler supports -Wl,-rpath,
configure:3629: cc -o conftest -g -O2   conftest.c -Wl,-rpath,/usr/lib  >&5
configure:3629: $? = 0
configure:3639: result: yes
configure:3684: checking build system type
configure:3698: result: x86_64-apple-darwin15.0.0
configure:3718: checking host system type
configure:3731: result: x86_64-apple-darwin15.0.0
configure:3751: checking target system type
configure:3764: result: x86_64-apple-darwin15.0.0
configure:3867: checking for PHP prefix
configure:3869: result: /usr/local/Cellar/php56/5.6.16
configure:3871: checking for PHP includes
configure:3873: result: -I/usr/local/Cellar/php56/5.6.16/include/php -I/usr/local/Cellar/php56/5.6.16/include/php/main -I/usr/local/Cellar/php56/5.6.16/include/php/TSRM -I/usr/local/Cellar/php56/5.6.16/include/php/Zend -I/usr/local/Cellar/php56/5.6.16/include/php/ext -I/usr/local/Cellar/php56/5.6.16/include/php/ext/date/lib
configure:3875: checking for PHP extension directory
configure:3877: result: /usr/local/Cellar/php56/5.6.16/lib/php/extensions/debug-non-zts-20131226
configure:3879: checking for PHP installed headers prefix
configure:3881: result: /usr/local/Cellar/php56/5.6.16/include/php
configure:3884: checking if debug is enabled
configure:3910: result: yes
configure:3913: checking if zts is enabled
configure:3939: result: yes
configure:4010: checking for re2c
configure:4040: result: no
configure:4065: WARNING: You will need re2c 0.13.4 or later if you want to regenerate PHP parsers.
configure:4079: checking for gawk
configure:4110: result: no
configure:4079: checking for nawk
configure:4110: result: no
configure:4079: checking for awk
configure:4096: found /usr/bin/awk
configure:4107: result: awk
configure:4130: checking if awk is broken
configure:4137: result: no
configure:4150: checking whether to enable mongodb support
configure:4189: result: yes, shared
configure:4197: checking OpenSSL dir for mongodb
configure:4212: result: yes
configure:4229: checking whether to enable developer build flags
configure:4243: result: no
configure:4993: checking whether to enable code coverage
configure:5007: result: no
configure:5646: checking Use system libbson
configure:5661: result: no
configure:5941: checking configuring libmongoc
configure:5943: result: ...
configure:5949: checking Use system libmongoc
configure:5964: result: no
configure:6310: checking for pkg-config
configure:6328: found /usr/local/bin/pkg-config
configure:6341: result: /usr/local/bin/pkg-config
configure:7014: checking pcre-dir install prefix
  --with-pcre-dir=DIR     mongodb: pcre install prefix
configure:7055: result: yes, shared
configure:7062: checking for pcre
configure:7067: result: found in /usr/local
configure:7114: checking Build with Cyrus SASL support
configure:7154: result: yes, shared
configure:7161: checking for SASL
configure:7166: result: found in /usr
configure:7277: checking for sasl_version in -lsasl2
configure:7302: cc -o conftest -g  -O0  -DBSON_COMPILATION -DMONGOC_COMPILATION -DMONGOC_TRACE  conftest.c -lsasl2   >&5
configure:7302: $? = 0
configure:7311: result: yes
configure:7559: checking for sasl_client_done in -lsasl2
configure:7584: cc -o conftest -g  -O0  -DBSON_COMPILATION -DMONGOC_COMPILATION -DMONGOC_TRACE  conftest.c -lsasl2   >&5
configure:7584: $? = 0
configure:7593: result: yes
configure:7841: checking if compiler needs -Werror to reject unknown flags
configure:7857: cc -c -g  -O0 -Werror -Wunknown-warning-option -Wsizeof-array-argument  -DBSON_COMPILATION -DMONGOC_COMPILATION -DMONGOC_TRACE conftest.c >&5
configure:7857: $? = 0
configure:7858: result: yes
configure:7878: checking whether pthreads work with -pthread
configure:7966: cc -o conftest -g  -O0 -pthread -Werror  -DBSON_COMPILATION -DMONGOC_COMPILATION -DMONGOC_TRACE  conftest.c   >&5
configure:7966: $? = 0
configure:7975: result: yes
configure:7994: checking for joinable pthread attribute
configure:8009: cc -o conftest -g  -O0 -pthread  -DBSON_COMPILATION -DMONGOC_COMPILATION -DMONGOC_TRACE  conftest.c   >&5
configure:8009: $? = 0
configure:8015: result: PTHREAD_CREATE_JOINABLE
configure:8025: checking if more special flags are required for pthreads
configure:8040: result: -D_THREAD_SAFE
configure:8046: checking for PTHREAD_PRIO_INHERIT
configure:8063: cc -o conftest -g  -O0 -pthread  -DBSON_COMPILATION -DMONGOC_COMPILATION -DMONGOC_TRACE  conftest.c   >&5
configure:8063: $? = 0
configure:8072: result: yes
configure:8174: checking for shm_open
configure:8174: cc -o conftest -g  -O0  -DBSON_COMPILATION -DMONGOC_COMPILATION -DMONGOC_TRACE  conftest.c  >&5
configure:8174: $? = 0
configure:8174: result: yes
configure:8745: checking for __sync_add_and_fetch_4
configure:8758: cc -o conftest -g  -O0  -DBSON_COMPILATION -DMONGOC_COMPILATION -DMONGOC_TRACE  conftest.c  >&5
configure:8758: $? = 0
configure:8759: result: yes
configure:8777: checking for __sync_add_and_fetch_8
configure:8790: cc -o conftest -g  -O0  -DBSON_COMPILATION -DMONGOC_COMPILATION -DMONGOC_TRACE  conftest.c  >&5
configure:8790: $? = 0
configure:8791: result: yes
configure:8818: checking for strnlen
configure:8818: cc -o conftest -g  -O0  -DBSON_COMPILATION -DMONGOC_COMPILATION -DMONGOC_TRACE  conftest.c  >&5
configure:8818: $? = 0
configure:8818: result: yes
configure:8828: checking for snprintf
configure:8828: cc -o conftest -g  -O0  -DBSON_COMPILATION -DMONGOC_COMPILATION -DMONGOC_TRACE  conftest.c  >&5
conftest.c:37:6: warning: incompatible redeclaration of library function 'snprintf' [-Wincompatible-library-redeclaration]
char snprintf ();
     ^
conftest.c:37:6: note: 'snprintf' is a builtin with type 'int (char *, unsigned long, const char *, ...)'
1 warning generated.
configure:8828: $? = 0
configure:8828: result: yes
configure:8838: checking for library containing clock_gettime
configure:8869: cc -o conftest -g  -O0  -DBSON_COMPILATION -DMONGOC_COMPILATION -DMONGOC_TRACE  conftest.c  >&5
Undefined symbols for architecture x86_64:
  "_clock_gettime", referenced from:
      _main in conftest-aa7d4e.o
ld: symbol(s) not found for architecture x86_64
clang: error: linker command failed with exit code 1 (use -v to see invocation)
configure:8869: $? = 1
configure: failed program was:
| /* confdefs.h */
| #define PACKAGE_NAME ""
| #define PACKAGE_TARNAME ""
| #define PACKAGE_VERSION ""
| #define PACKAGE_STRING ""
| #define PACKAGE_BUGREPORT ""
| #define PACKAGE_URL ""
| #define HAVE_MONGOC 1
| #define HAVE_PTHREAD_PRIO_INHERIT 1
| #define HAVE_PTHREAD 1
| #define HAVE_SHM_OPEN 1
| #define COMPILE_DL_MONGODB 1
| /* end confdefs.h.  */
| 
| /* Override any GCC internal prototype to avoid an error.
|    Use char because int might match the return type of a GCC
|    builtin and then its argument prototype would still apply.  */
| #ifdef __cplusplus
| extern "C"
| #endif
| char clock_gettime ();
| int
| main ()
| {
| return clock_gettime ();
|   ;
|   return 0;
| }
configure:8869: cc -o conftest -g  -O0  -DBSON_COMPILATION -DMONGOC_COMPILATION -DMONGOC_TRACE  conftest.c -lrt   >&5
ld: library not found for -lrt
clang: error: linker command failed with exit code 1 (use -v to see invocation)
configure:8869: $? = 1
configure: failed program was:
| /* confdefs.h */
| #define PACKAGE_NAME ""
| #define PACKAGE_TARNAME ""
| #define PACKAGE_VERSION ""
| #define PACKAGE_STRING ""
| #define PACKAGE_BUGREPORT ""
| #define PACKAGE_URL ""
| #define HAVE_MONGOC 1
| #define HAVE_PTHREAD_PRIO_INHERIT 1
| #define HAVE_PTHREAD 1
| #define HAVE_SHM_OPEN 1
| #define COMPILE_DL_MONGODB 1
| /* end confdefs.h.  */
| 
| /* Override any GCC internal prototype to avoid an error.
|    Use char because int might match the return type of a GCC
|    builtin and then its argument prototype would still apply.  */
| #ifdef __cplusplus
| extern "C"
| #endif
| char clock_gettime ();
| int
| main ()
| {
| return clock_gettime ();
|   ;
|   return 0;
| }
configure:8886: result: no
configure:8922: checking for pthread_join in LIBS= with CFLAGS=-D_THREAD_SAFE -pthread
configure:8942: cc -o conftest -g  -O0 -D_THREAD_SAFE -pthread  -DBSON_COMPILATION -DMONGOC_COMPILATION -DMONGOC_TRACE  conftest.c   >&5
configure:8942: $? = 0
configure:8947: result: yes
configure:9012: checking if compiler needs -Werror to reject unknown flags
configure:9028: cc -c -g  -O0 -Werror -Wunknown-warning-option -Wsizeof-array-argument  -DBSON_COMPILATION -DMONGOC_COMPILATION -DMONGOC_TRACE conftest.c >&5
configure:9028: $? = 0
configure:9029: result: yes
configure:9165: checking for joinable pthread attribute
configure:9180: cc -o conftest -g  -O0 -D_THREAD_SAFE -pthread  -DBSON_COMPILATION -DMONGOC_COMPILATION -DMONGOC_TRACE  conftest.c   >&5
configure:9180: $? = 0
configure:9186: result: PTHREAD_CREATE_JOINABLE
configure:9196: checking if more special flags are required for pthreads
configure:9211: result: -D_THREAD_SAFE
configure:9217: checking for PTHREAD_PRIO_INHERIT
configure:9243: result: yes
configure:9357: checking whether PTHREAD_ONCE_INIT needs braces
configure:9374: cc -c -g  -O0  -DBSON_COMPILATION -DMONGOC_COMPILATION -DMONGOC_TRACE conftest.c >&5
configure:9374: $? = 0
configure:9381: result: no
configure:9408: checking for stdint-types....
configure:9418: result: "(putting them into ./src/libbson/src/bson/bson-stdint.h)"
configure:9432: checking for uintptr_t
configure:9432: cc -c -g  -O0  -DBSON_COMPILATION -DMONGOC_COMPILATION -DMONGOC_TRACE conftest.c >&5
configure:9432: $? = 0
configure:9432: cc -c -g  -O0  -DBSON_COMPILATION -DMONGOC_COMPILATION -DMONGOC_TRACE conftest.c >&5
conftest.c:21:24: error: expected expression
if (sizeof ((uintptr_t)))
                       ^
1 error generated.
configure:9432: $? = 1
configure: failed program was:
| /* confdefs.h */
| #define PACKAGE_NAME ""
| #define PACKAGE_TARNAME ""
| #define PACKAGE_VERSION ""
| #define PACKAGE_STRING ""
| #define PACKAGE_BUGREPORT ""
| #define PACKAGE_URL ""
| #define HAVE_MONGOC 1
| #define HAVE_PTHREAD_PRIO_INHERIT 1
| #define HAVE_PTHREAD 1
| #define HAVE_SHM_OPEN 1
| #define COMPILE_DL_MONGODB 1
| #define HAVE_PTHREAD_PRIO_INHERIT 1
| #define HAVE_PTHREAD 1
| /* end confdefs.h.  */
| #include <stdint.h>
| 
| int
| main ()
| {
| if (sizeof ((uintptr_t)))
| 	    return 0;
|   ;
|   return 0;
| }
configure:9432: result: yes
configure:9440: checking for uint64_t
configure:9440: cc -c -g  -O0  -DBSON_COMPILATION -DMONGOC_COMPILATION -DMONGOC_TRACE conftest.c >&5
configure:9440: $? = 0
configure:9440: cc -c -g  -O0  -DBSON_COMPILATION -DMONGOC_COMPILATION -DMONGOC_TRACE conftest.c >&5
conftest.c:21:23: error: expected expression
if (sizeof ((uint64_t)))
                      ^
1 error generated.
configure:9440: $? = 1
configure: failed program was:
| /* confdefs.h */
| #define PACKAGE_NAME ""
| #define PACKAGE_TARNAME ""
| #define PACKAGE_VERSION ""
| #define PACKAGE_STRING ""
| #define PACKAGE_BUGREPORT ""
| #define PACKAGE_URL ""
| #define HAVE_MONGOC 1
| #define HAVE_PTHREAD_PRIO_INHERIT 1
| #define HAVE_PTHREAD 1
| #define HAVE_SHM_OPEN 1
| #define COMPILE_DL_MONGODB 1
| #define HAVE_PTHREAD_PRIO_INHERIT 1
| #define HAVE_PTHREAD 1
| /* end confdefs.h.  */
| #include<stdint.h>
| 
| int
| main ()
| {
| if (sizeof ((uint64_t)))
| 	    return 0;
|   ;
|   return 0;
| }
configure:9440: result: yes
configure:9448: result: ... seen our uintptr_t in stdint.h (uint64_t too)
configure:9713: result: creating ./src/libbson/src/bson/bson-stdint.h : ___SRC_LIBBSON_SRC_BSON_BSON_STDINT_H
configure:9740: checking for int_least32_t
configure:9740: cc -c -g  -O0  -DBSON_COMPILATION -DMONGOC_COMPILATION -DMONGOC_TRACE conftest.c >&5
configure:9740: $? = 0
configure:9740: cc -c -g  -O0  -DBSON_COMPILATION -DMONGOC_COMPILATION -DMONGOC_TRACE conftest.c >&5
conftest.c:21:28: error: expected expression
if (sizeof ((int_least32_t)))
                           ^
1 error generated.
configure:9740: $? = 1
configure: failed program was:
| /* confdefs.h */
| #define PACKAGE_NAME ""
| #define PACKAGE_TARNAME ""
| #define PACKAGE_VERSION ""
| #define PACKAGE_STRING ""
| #define PACKAGE_BUGREPORT ""
| #define PACKAGE_URL ""
| #define HAVE_MONGOC 1
| #define HAVE_PTHREAD_PRIO_INHERIT 1
| #define HAVE_PTHREAD 1
| #define HAVE_SHM_OPEN 1
| #define COMPILE_DL_MONGODB 1
| #define HAVE_PTHREAD_PRIO_INHERIT 1
| #define HAVE_PTHREAD 1
| /* end confdefs.h.  */
| #include <stdint.h>
| 
| int
| main ()
| {
| if (sizeof ((int_least32_t)))
| 	    return 0;
|   ;
|   return 0;
| }
configure:9740: result: yes
configure:9746: checking for int_fast32_t
configure:9746: cc -c -g  -O0  -DBSON_COMPILATION -DMONGOC_COMPILATION -DMONGOC_TRACE conftest.c >&5
configure:9746: $? = 0
configure:9746: cc -c -g  -O0  -DBSON_COMPILATION -DMONGOC_COMPILATION -DMONGOC_TRACE conftest.c >&5
conftest.c:21:27: error: expected expression
if (sizeof ((int_fast32_t)))
                          ^
1 error generated.
configure:9746: $? = 1
configure: failed program was:
| /* confdefs.h */
| #define PACKAGE_NAME ""
| #define PACKAGE_TARNAME ""
| #define PACKAGE_VERSION ""
| #define PACKAGE_STRING ""
| #define PACKAGE_BUGREPORT ""
| #define PACKAGE_URL ""
| #define HAVE_MONGOC 1
| #define HAVE_PTHREAD_PRIO_INHERIT 1
| #define HAVE_PTHREAD 1
| #define HAVE_SHM_OPEN 1
| #define COMPILE_DL_MONGODB 1
| #define HAVE_PTHREAD_PRIO_INHERIT 1
| #define HAVE_PTHREAD 1
| /* end confdefs.h.  */
| #include<stdint.h>
| 
| int
| main ()
| {
| if (sizeof ((int_fast32_t)))
| 	    return 0;
|   ;
|   return 0;
| }
configure:9746: result: yes
configure:9759: result: ..adding include stdint.h
configure:9769: result: ... seen good stdint.h inttypes
configure:9905: result: ... seen good uint64_t
configure:10125: result: ... DONE ./src/libbson/src/bson/bson-stdint.h
configure:10245: checking whether byte ordering is bigendian
configure:10271: cc -o conftest -g  -O0  -DBSON_COMPILATION -DMONGOC_COMPILATION -DMONGOC_TRACE  conftest.c  >&5
configure:10271: $? = 0
configure:10271: ./conftest
configure:10271: $? = 1
configure: program exited with status 1
configure: failed program was:
| /* confdefs.h */
| #define PACKAGE_NAME ""
| #define PACKAGE_TARNAME ""
| #define PACKAGE_VERSION ""
| #define PACKAGE_STRING ""
| #define PACKAGE_BUGREPORT ""
| #define PACKAGE_URL ""
| #define HAVE_MONGOC 1
| #define HAVE_PTHREAD_PRIO_INHERIT 1
| #define HAVE_PTHREAD 1
| #define HAVE_SHM_OPEN 1
| #define COMPILE_DL_MONGODB 1
| #define HAVE_PTHREAD_PRIO_INHERIT 1
| #define HAVE_PTHREAD 1
| /* end confdefs.h.  */
| 
| int main(void)
| {
|   short one = 1;
|   char *cp = (char *)&one;
| 
|   if (*cp == 0) {
|     return(0);
|   } else {
|     return(1);
|   }
| }
| 
configure:10282: result: no
configure:10291: checking for ANSI C header files
configure:10311: cc -c -g  -O0  -DBSON_COMPILATION -DMONGOC_COMPILATION -DMONGOC_TRACE conftest.c >&5
configure:10311: $? = 0
configure:10384: cc -o conftest -g  -O0  -DBSON_COMPILATION -DMONGOC_COMPILATION -DMONGOC_TRACE  conftest.c  >&5
configure:10384: $? = 0
configure:10384: ./conftest
configure:10384: $? = 0
configure:10395: result: yes
configure:10408: checking for sys/types.h
configure:10408: cc -c -g  -O0  -DBSON_COMPILATION -DMONGOC_COMPILATION -DMONGOC_TRACE conftest.c >&5
configure:10408: $? = 0
configure:10408: result: yes
configure:10408: checking for sys/stat.h
configure:10408: cc -c -g  -O0  -DBSON_COMPILATION -DMONGOC_COMPILATION -DMONGOC_TRACE conftest.c >&5
configure:10408: $? = 0
configure:10408: result: yes
configure:10408: checking for stdlib.h
configure:10408: cc -c -g  -O0  -DBSON_COMPILATION -DMONGOC_COMPILATION -DMONGOC_TRACE conftest.c >&5
configure:10408: $? = 0
configure:10408: result: yes
configure:10408: checking for string.h
configure:10408: cc -c -g  -O0  -DBSON_COMPILATION -DMONGOC_COMPILATION -DMONGOC_TRACE conftest.c >&5
configure:10408: $? = 0
configure:10408: result: yes
configure:10408: checking for memory.h
configure:10408: cc -c -g  -O0  -DBSON_COMPILATION -DMONGOC_COMPILATION -DMONGOC_TRACE conftest.c >&5
configure:10408: $? = 0
configure:10408: result: yes
configure:10408: checking for strings.h
configure:10408: cc -c -g  -O0  -DBSON_COMPILATION -DMONGOC_COMPILATION -DMONGOC_TRACE conftest.c >&5
configure:10408: $? = 0
configure:10408: result: yes
configure:10408: checking for inttypes.h
configure:10408: cc -c -g  -O0  -DBSON_COMPILATION -DMONGOC_COMPILATION -DMONGOC_TRACE conftest.c >&5
configure:10408: $? = 0
configure:10408: result: yes
configure:10408: checking for stdint.h
configure:10408: cc -c -g  -O0  -DBSON_COMPILATION -DMONGOC_COMPILATION -DMONGOC_TRACE conftest.c >&5
configure:10408: $? = 0
configure:10408: result: yes
configure:10408: checking for unistd.h
configure:10408: cc -c -g  -O0  -DBSON_COMPILATION -DMONGOC_COMPILATION -DMONGOC_TRACE conftest.c >&5
configure:10408: $? = 0
configure:10408: result: yes
configure:10420: checking for stdbool.h that conforms to C99
configure:10487: cc -c -g  -O0  -DBSON_COMPILATION -DMONGOC_COMPILATION -DMONGOC_TRACE conftest.c >&5
conftest.c:75:24: warning: address of 's' will always evaluate to 'true' [-Wpointer-bool-conversion]
             bool e = &s;
                  ~    ^
conftest.c:79:23: warning: address of array 'a' will always evaluate to 'true' [-Wpointer-bool-conversion]
             return (!a + !b + !c + !d + !e + !f + !g + !h + !i + !!j + !k + !!l
                     ~^
conftest.c:79:28: warning: address of array 'b' will always evaluate to 'true' [-Wpointer-bool-conversion]
             return (!a + !b + !c + !d + !e + !f + !g + !h + !i + !!j + !k + !!l
                          ~^
conftest.c:79:33: warning: address of array 'c' will always evaluate to 'true' [-Wpointer-bool-conversion]
             return (!a + !b + !c + !d + !e + !f + !g + !h + !i + !!j + !k + !!l
                               ~^
conftest.c:79:38: warning: address of array 'd' will always evaluate to 'true' [-Wpointer-bool-conversion]
             return (!a + !b + !c + !d + !e + !f + !g + !h + !i + !!j + !k + !!l
                                    ~^
conftest.c:79:48: warning: address of array 'f' will always evaluate to 'true' [-Wpointer-bool-conversion]
             return (!a + !b + !c + !d + !e + !f + !g + !h + !i + !!j + !k + !!l
                                              ~^
conftest.c:79:53: warning: address of array 'g' will always evaluate to 'true' [-Wpointer-bool-conversion]
             return (!a + !b + !c + !d + !e + !f + !g + !h + !i + !!j + !k + !!l
                                                   ~^
conftest.c:79:58: warning: address of array 'h' will always evaluate to 'true' [-Wpointer-bool-conversion]
             return (!a + !b + !c + !d + !e + !f + !g + !h + !i + !!j + !k + !!l
                                                        ~^
conftest.c:79:63: warning: address of array 'i' will always evaluate to 'true' [-Wpointer-bool-conversion]
             return (!a + !b + !c + !d + !e + !f + !g + !h + !i + !!j + !k + !!l
                                                             ~^
conftest.c:80:30: warning: address of array 'n' will always evaluate to 'true' [-Wpointer-bool-conversion]
                            ~^
conftest.c:80:35: warning: address of array 'o' will always evaluate to 'true' [-Wpointer-bool-conversion]
                                 ~^
conftest.c:80:40: warning: address of array 'p' will always evaluate to 'true' [-Wpointer-bool-conversion]
                                      ~^
12 warnings generated.
configure:10487: $? = 0
configure:10494: result: yes
configure:10496: checking for _Bool
configure:10496: cc -c -g  -O0  -DBSON_COMPILATION -DMONGOC_COMPILATION -DMONGOC_TRACE conftest.c >&5
configure:10496: $? = 0
configure:10496: cc -c -g  -O0  -DBSON_COMPILATION -DMONGOC_COMPILATION -DMONGOC_TRACE conftest.c >&5
conftest.c:62:20: error: expected expression
if (sizeof ((_Bool)))
                   ^
1 error generated.
configure:10496: $? = 1
configure: failed program was:
| /* confdefs.h */
| #define PACKAGE_NAME ""
| #define PACKAGE_TARNAME ""
| #define PACKAGE_VERSION ""
| #define PACKAGE_STRING ""
| #define PACKAGE_BUGREPORT ""
| #define PACKAGE_URL ""
| #define HAVE_MONGOC 1
| #define HAVE_PTHREAD_PRIO_INHERIT 1
| #define HAVE_PTHREAD 1
| #define HAVE_SHM_OPEN 1
| #define COMPILE_DL_MONGODB 1
| #define HAVE_PTHREAD_PRIO_INHERIT 1
| #define HAVE_PTHREAD 1
| #define STDC_HEADERS 1
| #define HAVE_SYS_TYPES_H 1
| #define HAVE_SYS_STAT_H 1
| #define HAVE_STDLIB_H 1
| #define HAVE_STRING_H 1
| #define HAVE_MEMORY_H 1
| #define HAVE_STRINGS_H 1
| #define HAVE_INTTYPES_H 1
| #define HAVE_STDINT_H 1
| #define HAVE_UNISTD_H 1
| /* end confdefs.h.  */
| #include <stdio.h>
| #ifdef HAVE_SYS_TYPES_H
| # include <sys/types.h>
| #endif
| #ifdef HAVE_SYS_STAT_H
| # include <sys/stat.h>
| #endif
| #ifdef STDC_HEADERS
| # include <stdlib.h>
| # include <stddef.h>
| #else
| # ifdef HAVE_STDLIB_H
| #  include <stdlib.h>
| # endif
| #endif
| #ifdef HAVE_STRING_H
| # if !defined STDC_HEADERS && defined HAVE_MEMORY_H
| #  include <memory.h>
| # endif
| # include <string.h>
| #endif
| #ifdef HAVE_STRINGS_H
| # include <strings.h>
| #endif
| #ifdef HAVE_INTTYPES_H
| # include <inttypes.h>
| #endif
| #ifdef HAVE_STDINT_H
| # include <stdint.h>
| #endif
| #ifdef HAVE_UNISTD_H
| # include <unistd.h>
| #endif
| int
| main ()
| {
| if (sizeof ((_Bool)))
| 	    return 0;
|   ;
|   return 0;
| }
configure:10496: result: yes
configure:10530: checking for clock_gettime
configure:10544: cc -o conftest -g  -O0  -DBSON_COMPILATION -DMONGOC_COMPILATION -DMONGOC_TRACE  conftest.c  >&5
conftest.c:32:21: warning: implicit declaration of function 'clock_gettime' is invalid in C99 [-Wimplicit-function-declaration]
struct timespec ts; clock_gettime(CLOCK_MONOTONIC, &ts);
                    ^
conftest.c:32:35: error: use of undeclared identifier 'CLOCK_MONOTONIC'
struct timespec ts; clock_gettime(CLOCK_MONOTONIC, &ts);
                                  ^
1 warning and 1 error generated.
configure:10544: $? = 1
configure: failed program was:
| /* confdefs.h */
| #define PACKAGE_NAME ""
| #define PACKAGE_TARNAME ""
| #define PACKAGE_VERSION ""
| #define PACKAGE_STRING ""
| #define PACKAGE_BUGREPORT ""
| #define PACKAGE_URL ""
| #define HAVE_MONGOC 1
| #define HAVE_PTHREAD_PRIO_INHERIT 1
| #define HAVE_PTHREAD 1
| #define HAVE_SHM_OPEN 1
| #define COMPILE_DL_MONGODB 1
| #define HAVE_PTHREAD_PRIO_INHERIT 1
| #define HAVE_PTHREAD 1
| #define STDC_HEADERS 1
| #define HAVE_SYS_TYPES_H 1
| #define HAVE_SYS_STAT_H 1
| #define HAVE_STDLIB_H 1
| #define HAVE_STRING_H 1
| #define HAVE_MEMORY_H 1
| #define HAVE_STRINGS_H 1
| #define HAVE_INTTYPES_H 1
| #define HAVE_STDINT_H 1
| #define HAVE_UNISTD_H 1
| #define HAVE__BOOL 1
| #define HAVE_STDBOOL_H 1
| /* end confdefs.h.  */
|  #include <time.h>
| int
| main ()
| {
| struct timespec ts; clock_gettime(CLOCK_MONOTONIC, &ts);
|   ;
|   return 0;
| }
configure:10552: result: no
configure:10560: checking for clock_gettime in -lrt
configure:10577: cc -o conftest -g  -O0  -DBSON_COMPILATION -DMONGOC_COMPILATION -DMONGOC_TRACE  conftest.c  -lrt >&5
conftest.c:32:21: warning: implicit declaration of function 'clock_gettime' is invalid in C99 [-Wimplicit-function-declaration]
struct timespec ts; clock_gettime(CLOCK_MONOTONIC, &ts);
                    ^
conftest.c:32:35: error: use of undeclared identifier 'CLOCK_MONOTONIC'
struct timespec ts; clock_gettime(CLOCK_MONOTONIC, &ts);
                                  ^
1 warning and 1 error generated.
configure:10577: $? = 1
configure: failed program was:
| /* confdefs.h */
| #define PACKAGE_NAME ""
| #define PACKAGE_TARNAME ""
| #define PACKAGE_VERSION ""
| #define PACKAGE_STRING ""
| #define PACKAGE_BUGREPORT ""
| #define PACKAGE_URL ""
| #define HAVE_MONGOC 1
| #define HAVE_PTHREAD_PRIO_INHERIT 1
| #define HAVE_PTHREAD 1
| #define HAVE_SHM_OPEN 1
| #define COMPILE_DL_MONGODB 1
| #define HAVE_PTHREAD_PRIO_INHERIT 1
| #define HAVE_PTHREAD 1
| #define STDC_HEADERS 1
| #define HAVE_SYS_TYPES_H 1
| #define HAVE_SYS_STAT_H 1
| #define HAVE_STDLIB_H 1
| #define HAVE_STRING_H 1
| #define HAVE_MEMORY_H 1
| #define HAVE_STRINGS_H 1
| #define HAVE_INTTYPES_H 1
| #define HAVE_STDINT_H 1
| #define HAVE_UNISTD_H 1
| #define HAVE__BOOL 1
| #define HAVE_STDBOOL_H 1
| /* end confdefs.h.  */
|  #include <time.h>
| int
| main ()
| {
| struct timespec ts; clock_gettime(CLOCK_MONOTONIC, &ts);
|   ;
|   return 0;
| }
configure:10586: result: no
configure:10599: checking for strnlen
configure:10599: result: yes
configure:10610: checking for snprintf
configure:10610: result: yes
configure:10805: creating ./config.status

## ---------------------- ##
## Running config.status. ##
## ---------------------- ##

This file was extended by config.status, which was
generated by GNU Autoconf 2.69.  Invocation command line was

  CONFIG_FILES    = 
  CONFIG_HEADERS  = 
  CONFIG_LINKS    = 
  CONFIG_COMMANDS = 
  $ ./config.status 

on zhudongchangdeMacBook-Pro.local

config.status:782: creating ./src/libmongoc/src/mongoc/mongoc-config.h
configure:11962: creating ./config.status

## ---------------------- ##
## Running config.status. ##
## ---------------------- ##

This file was extended by config.status, which was
generated by GNU Autoconf 2.69.  Invocation command line was

  CONFIG_FILES    = 
  CONFIG_HEADERS  = 
  CONFIG_LINKS    = 
  CONFIG_COMMANDS = 
  $ ./config.status 

on zhudongchangdeMacBook-Pro.local

config.status:783: creating ./src/libmongoc/src/mongoc/mongoc-config.h
config.status:783: creating ./src/libmongoc/src/mongoc/mongoc-version.h
configure:13148: creating ./config.status

## ---------------------- ##
## Running config.status. ##
## ---------------------- ##

This file was extended by config.status, which was
generated by GNU Autoconf 2.69.  Invocation command line was

  CONFIG_FILES    = 
  CONFIG_HEADERS  = 
  CONFIG_LINKS    = 
  CONFIG_COMMANDS = 
  $ ./config.status 

on zhudongchangdeMacBook-Pro.local

config.status:784: creating ./src/libmongoc/src/mongoc/mongoc-config.h
config.status:784: creating ./src/libmongoc/src/mongoc/mongoc-version.h
config.status:784: creating ./src/libbson/src/bson/bson-config.h
configure:14307: creating ./config.status

## ---------------------- ##
## Running config.status. ##
## ---------------------- ##

This file was extended by config.status, which was
generated by GNU Autoconf 2.69.  Invocation command line was

  CONFIG_FILES    = 
  CONFIG_HEADERS  = 
  CONFIG_LINKS    = 
  CONFIG_COMMANDS = 
  $ ./config.status 

on zhudongchangdeMacBook-Pro.local

config.status:785: creating ./src/libmongoc/src/mongoc/mongoc-config.h
config.status:785: creating ./src/libmongoc/src/mongoc/mongoc-version.h
config.status:785: creating ./src/libbson/src/bson/bson-config.h
config.status:785: creating ./src/libbson/src/bson/bson-version.h
configure:15421: checking for ld used by cc
configure:15488: result: /Applications/Xcode.app/Contents/Developer/Toolchains/XcodeDefault.xctoolchain/usr/bin/ld
configure:15495: checking if the linker (/Applications/Xcode.app/Contents/Developer/Toolchains/XcodeDefault.xctoolchain/usr/bin/ld) is GNU ld
configure:15510: result: no
configure:15515: checking for /Applications/Xcode.app/Contents/Developer/Toolchains/XcodeDefault.xctoolchain/usr/bin/ld option to reload object files
configure:15522: result: -r
configure:15540: checking for BSD-compatible nm
configure:15589: result: /usr/bin/nm
configure:15593: checking whether ln -s works
configure:15597: result: yes
configure:15604: checking how to recognize dependent libraries
configure:15790: result: pass_all
configure:16010: checking dlfcn.h usability
configure:16010: cc -c -g  -O0  -DBSON_COMPILATION -DMONGOC_COMPILATION -DMONGOC_TRACE conftest.c >&5
configure:16010: $? = 0
configure:16010: result: yes
configure:16010: checking dlfcn.h presence
configure:16010: cc -E  -DBSON_COMPILATION -DMONGOC_COMPILATION -DMONGOC_TRACE conftest.c
configure:16010: $? = 0
configure:16010: result: yes
configure:16010: checking for dlfcn.h
configure:16010: result: yes
configure:16032: checking the maximum length of command line arguments
configure:16144: result: 196608
configure:16156: checking command to parse /usr/bin/nm output from cc object
configure:16261: cc -c -g  -O0  -DBSON_COMPILATION -DMONGOC_COMPILATION -DMONGOC_TRACE conftest.c >&5
configure:16264: $? = 0
configure:16268: /usr/bin/nm conftest.o \| sed -n -e 's/^.*[ 	]\([BCDEGRST][BCDEGRST]*\)[ 	][ 	]*\([_A-Za-z][_A-Za-z0-9]*\)$/\1 \2 \2/p' \> conftest.nm
configure:16271: $? = 0
cannot find nm_test_var in conftest.nm
configure:16261: cc -c -g  -O0  -DBSON_COMPILATION -DMONGOC_COMPILATION -DMONGOC_TRACE conftest.c >&5
configure:16264: $? = 0
configure:16268: /usr/bin/nm conftest.o \| sed -n -e 's/^.*[ 	]\([BCDEGRST][BCDEGRST]*\)[ 	][ 	]*_\([_A-Za-z][_A-Za-z0-9]*\)$/\1 _\2 \2/p' \> conftest.nm
configure:16271: $? = 0
configure:16323: cc -o conftest -g  -O0  -DBSON_COMPILATION -DMONGOC_COMPILATION -DMONGOC_TRACE  conftest.c conftstm.o >&5
warning: (x86_64)  could not find object file symbol for symbol _main
configure:16326: $? = 0
configure:16364: result: ok
configure:16368: checking for objdir
configure:16383: result: .libs
configure:16475: checking for ar
configure:16491: found /usr/bin/ar
configure:16502: result: ar
configure:16567: checking for ranlib
configure:16583: found /usr/bin/ranlib
configure:16594: result: ranlib
configure:16659: checking for strip
configure:16675: found /usr/bin/strip
configure:16686: result: strip
configure:16939: checking for dsymutil
configure:16955: found /usr/bin/dsymutil
configure:16966: result: dsymutil
configure:17031: checking for nmedit
configure:17047: found /usr/bin/nmedit
configure:17058: result: nmedit
configure:17081: checking for -single_module linker flag
configure:17102: result: yes
configure:17104: checking for -exported_symbols_list linker flag
configure:17120: cc -o conftest -g  -O0  -DBSON_COMPILATION -DMONGOC_COMPILATION -DMONGOC_TRACE  -Wl,-exported_symbols_list,conftest.sym conftest.c  >&5
configure:17123: $? = 0
configure:17137: result: yes
configure:17255: checking if cc supports -fno-rtti -fno-exceptions
configure:17273: cc -c -g  -O0  -DBSON_COMPILATION -DMONGOC_COMPILATION -DMONGOC_TRACE -fno-rtti -fno-exceptions conftest.c >&5
configure:17277: $? = 0
configure:17290: result: yes
configure:17305: checking for cc option to produce PIC
configure:17545: result: -fno-common
configure:17553: checking if cc PIC flag -fno-common works
configure:17571: cc -c -g  -O0  -DBSON_COMPILATION -DMONGOC_COMPILATION -DMONGOC_TRACE -fno-common -DPIC conftest.c >&5
configure:17575: $? = 0
configure:17588: result: yes
configure:17616: checking if cc static flag -static works
configure:17644: result: no
configure:17654: checking if cc supports -c -o file.o
configure:17675: cc -c -g  -O0  -DBSON_COMPILATION -DMONGOC_COMPILATION -DMONGOC_TRACE -o out/conftest2.o conftest.c >&5
configure:17679: $? = 0
configure:17701: result: yes
configure:17727: checking whether the cc linker (/Applications/Xcode.app/Contents/Developer/Toolchains/XcodeDefault.xctoolchain/usr/bin/ld) supports shared libraries
configure:18655: result: yes
configure:18722: checking dynamic linker characteristics
configure:19320: result: darwin15.0.0 dyld
configure:19344: checking how to hardcode library paths into programs
configure:19369: result: immediate
configure:19383: checking whether stripping libraries is possible
configure:19397: result: yes
configure:19905: checking if libtool supports shared libraries
configure:19907: result: yes
configure:19910: checking whether to build shared libraries
configure:19931: result: yes
configure:19934: checking whether to build static libraries
configure:19938: result: no
configure:20033: result:
creating libtool
configure:23732: creating ./config.status

## ---------------------- ##
## Running config.status. ##
## ---------------------- ##

This file was extended by config.status, which was
generated by GNU Autoconf 2.69.  Invocation command line was

  CONFIG_FILES    = 
  CONFIG_HEADERS  = 
  CONFIG_LINKS    = 
  CONFIG_COMMANDS = 
  $ ./config.status 

on zhudongchangdeMacBook-Pro.local

config.status:868: creating ./src/libmongoc/src/mongoc/mongoc-config.h
config.status:868: creating ./src/libmongoc/src/mongoc/mongoc-version.h
config.status:868: creating ./src/libbson/src/bson/bson-config.h
config.status:868: creating ./src/libbson/src/bson/bson-version.h
config.status:868: creating config.h
config.status:1038: config.h is unchanged

## ---------------- ##
## Cache variables. ##
## ---------------- ##

ac_cv_build=x86_64-apple-darwin15.0.0
ac_cv_c_bigendian_php=no
ac_cv_c_compiler_gnu=yes
ac_cv_env_CC_set=
ac_cv_env_CC_value=
ac_cv_env_CFLAGS_set=
ac_cv_env_CFLAGS_value=
ac_cv_env_CPPFLAGS_set=
ac_cv_env_CPPFLAGS_value=
ac_cv_env_CPP_set=
ac_cv_env_CPP_value=
ac_cv_env_LDFLAGS_set=
ac_cv_env_LDFLAGS_value=
ac_cv_env_LIBS_set=
ac_cv_env_LIBS_value=
ac_cv_env_build_alias_set=
ac_cv_env_build_alias_value=
ac_cv_env_host_alias_set=
ac_cv_env_host_alias_value=
ac_cv_env_target_alias_set=
ac_cv_env_target_alias_value=
ac_cv_func_shm_open=yes
ac_cv_func_snprintf=yes
ac_cv_func_strnlen=yes
ac_cv_header_dlfcn_h=yes
ac_cv_header_inttypes_h=yes
ac_cv_header_memory_h=yes
ac_cv_header_stdbool_h=yes
ac_cv_header_stdc=yes
ac_cv_header_stdint=stdint.h
ac_cv_header_stdint_h=yes
ac_cv_header_stdint_o=no-file
ac_cv_header_stdint_test=no
ac_cv_header_stdint_u=no-file
ac_cv_header_stdint_x=stdint.h
ac_cv_header_stdlib_h=yes
ac_cv_header_string_h=yes
ac_cv_header_strings_h=yes
ac_cv_header_sys_stat_h=yes
ac_cv_header_sys_types_h=yes
ac_cv_header_unistd_h=yes
ac_cv_host=x86_64-apple-darwin15.0.0
ac_cv_lib_sasl2_sasl_client_done=yes
ac_cv_lib_sasl2_sasl_version=yes
ac_cv_objext=o
ac_cv_path_EGREP='/usr/bin/grep -E'
ac_cv_path_GREP=/usr/bin/grep
ac_cv_path_PKG_CONFIG=/usr/local/bin/pkg-config
ac_cv_prog_AWK=awk
ac_cv_prog_CPP='cc -E'
ac_cv_prog_ac_ct_AR=ar
ac_cv_prog_ac_ct_CC=cc
ac_cv_prog_ac_ct_DSYMUTIL=dsymutil
ac_cv_prog_ac_ct_NMEDIT=nmedit
ac_cv_prog_ac_ct_RANLIB=ranlib
ac_cv_prog_ac_ct_STRIP=strip
ac_cv_prog_cc_c89=
ac_cv_prog_cc_cc_c_o=yes
ac_cv_prog_cc_g=yes
ac_cv_search_clock_gettime=no
ac_cv_sizeof_X=::::
ac_cv_sizeof_x=:
ac_cv_target=x86_64-apple-darwin15.0.0
ac_cv_type__Bool=yes
ac_cv_type_int_fast32_t=yes
ac_cv_type_int_least32_t=yes
ac_cv_type_uint64_t=yes
ac_cv_type_uintptr_t=yes
ax_cv_PTHREAD_PRIO_INHERIT=yes
bson_cv_need_braces_on_pthread_once_init=no
lt_cv_apple_cc_single_mod=yes
lt_cv_deplibs_check_method=pass_all
lt_cv_file_magic_cmd='$MAGIC_CMD'
lt_cv_file_magic_test_file=
lt_cv_ld_exported_symbols_list=yes
lt_cv_ld_reload_flag=-r
lt_cv_objdir=.libs
lt_cv_path_LD=/Applications/Xcode.app/Contents/Developer/Toolchains/XcodeDefault.xctoolchain/usr/bin/ld
lt_cv_path_NM=/usr/bin/nm
lt_cv_path_SED=/usr/bin/sed
lt_cv_prog_compiler_c_o=yes
lt_cv_prog_compiler_pic_works=yes
lt_cv_prog_compiler_rtti_exceptions=yes
lt_cv_prog_compiler_static_works=no
lt_cv_prog_gnu_ld=no
lt_cv_sys_global_symbol_pipe='sed -n -e '\''s/^.*[ 	]\([BCDEGRST][BCDEGRST]*\)[ 	][ 	]*_\([_A-Za-z][_A-Za-z0-9]*\)$/\1 _\2 \2/p'\'''
lt_cv_sys_global_symbol_to_c_name_address='sed -n -e '\''s/^: \([^ ]*\) $/  {\"\1\", (lt_ptr) 0},/p'\'' -e '\''s/^[BCDEGRST] \([^ ]*\) \([^ ]*\)$/  {"\2", (lt_ptr) \&\2},/p'\'''
lt_cv_sys_global_symbol_to_cdecl='sed -n -e '\''s/^. .* \(.*\)$/extern int \1;/p'\'''
lt_cv_sys_lib_dlsearch_path_spec='/usr/local/lib /lib /usr/lib'
lt_cv_sys_lib_search_path_spec='/Applications/Xcode.app/Contents/Developer/Toolchains/XcodeDefault.xctoolchain/usr/lib/clang/7.0.0 /usr/local/lib'
lt_cv_sys_max_cmd_len=196608
lt_lt_cv_prog_compiler_c_o='"yes"'
lt_lt_cv_sys_global_symbol_pipe='"sed -n -e '\''s/^.*[ 	]\\([BCDEGRST][BCDEGRST]*\\)[ 	][ 	]*_\\([_A-Za-z][_A-Za-z0-9]*\\)\$/\\1 _\\2 \\2/p'\''"'
lt_lt_cv_sys_global_symbol_to_c_name_address='"sed -n -e '\''s/^: \\([^ ]*\\) \$/  {\\\"\\1\\\", (lt_ptr) 0},/p'\'' -e '\''s/^[BCDEGRST] \\([^ ]*\\) \\([^ ]*\\)\$/  {\"\\2\", (lt_ptr) \\&\\2},/p'\''"'
lt_lt_cv_sys_global_symbol_to_cdecl='"sed -n -e '\''s/^. .* \\(.*\\)\$/extern int \\1;/p'\''"'
php_cv_cc_dashr=no
php_cv_cc_rpath=yes

## ----------------- ##
## Output variables. ##
## ----------------- ##

AR='ar'
AWK='awk'
BSON_API_VERSION='1.0'
BSON_BYTE_ORDER='1234'
BSON_EXTRA_ALIGN='0'
BSON_HAVE_ATOMIC_32_ADD_AND_FETCH='1'
BSON_HAVE_ATOMIC_64_ADD_AND_FETCH='1'
BSON_HAVE_CLOCK_GETTIME='0'
BSON_HAVE_SNPRINTF='1'
BSON_HAVE_STDBOOL_H='1'
BSON_HAVE_STRNLEN='1'
BSON_MAJOR_VERSION='1'
BSON_MICRO_VERSION='0'
BSON_MINOR_VERSION='2'
BSON_OS='1'
BSON_PTHREAD_ONCE_INIT_NEEDS_BRACES='0'
BSON_VERSION='1.2.0'
CC='cc'
CFLAGS='-g  -O0'
CONFIGURE_COMMAND=' '\''./configure'\'' '
CONFIGURE_OPTIONS=''
CPP='cc -E'
CPPFLAGS=' -DBSON_COMPILATION -DMONGOC_COMPILATION -DMONGOC_TRACE -DHAVE_CONFIG_H'
DEFS='-DHAVE_CONFIG_H'
DSYMUTIL='dsymutil'
ECHO='/bin/echo'
ECHO_C='\c'
ECHO_N=''
ECHO_T=''
EGREP='/usr/bin/grep -E'
EXEEXT=''
GREP='/usr/bin/grep'
LDFLAGS=''
LIBOBJS=''
LIBS=''
LIBTOOL='$(SHELL) $(top_builddir)/libtool'
LN_S='ln -s'
LTLIBOBJS=''
MONGOC_API_VERSION='1.0'
MONGOC_ENABLE_SASL='1'
MONGOC_ENABLE_SSL='1'
MONGOC_HAVE_SASL_CLIENT_DONE='1'
MONGOC_MAJOR_VERSION='1'
MONGOC_MICRO_VERSION='0'
MONGOC_MINOR_VERSION='2'
MONGOC_VERSION='1.2.0'
NMEDIT='nmedit'
OBJEXT='o'
OPENSSL_INCDIR_OPT='-I/usr/include'
PACKAGE_BUGREPORT=''
PACKAGE_NAME=''
PACKAGE_STRING=''
PACKAGE_TARNAME=''
PACKAGE_URL=''
PACKAGE_VERSION=''
PATH_SEPARATOR=':'
PKG_CONFIG='/usr/local/bin/pkg-config'
PTHREAD_CC='cc'
PTHREAD_CFLAGS='-D_THREAD_SAFE -D_THREAD_SAFE -pthread'
PTHREAD_LIBS=''
RANLIB='ranlib'
RE2C='exit 0;'
SED='/usr/bin/sed'
SHELL='/bin/sh'
SHLIB_DL_SUFFIX_NAME='so'
SHLIB_SUFFIX_NAME='dylib'
SOCKET_CFLAGS=''
SOCKET_LDFLAGS=''
STRIP='strip'
ac_ct_CC='cc'
ax_pthread_config=''
bindir='${exec_prefix}/bin'
build='x86_64-apple-darwin15.0.0'
build_alias=''
build_cpu='x86_64'
build_os='darwin15.0.0'
build_vendor='apple'
datadir='${datarootdir}'
datarootdir='${prefix}/share'
docdir='${datarootdir}/doc/${PACKAGE}'
dvidir='${docdir}'
exec_prefix='${prefix}'
host='x86_64-apple-darwin15.0.0'
host_alias='x86_64-apple-darwin15.0.0'
host_cpu='x86_64'
host_os='darwin15.0.0'
host_vendor='apple'
htmldir='${docdir}'
includedir='${prefix}/include'
infodir='${datarootdir}/info'
libdir='${exec_prefix}/lib'
libexecdir='${exec_prefix}/libexec'
localedir='${datarootdir}/locale'
localstatedir='${prefix}/var'
mandir='${datarootdir}/man'
oldincludedir='/usr/include'
pdfdir='${docdir}'
prefix='/usr/local/Cellar/php56/5.6.16'
program_transform_name='s,x,x,'
psdir='${docdir}'
sbindir='${exec_prefix}/sbin'
sharedstatedir='${prefix}/com'
sysconfdir='${prefix}/etc'
target='x86_64-apple-darwin15.0.0'
target_alias=''
target_cpu='x86_64'
target_os='darwin15.0.0'
target_vendor='apple'

## ----------- ##
## confdefs.h. ##
## ----------- ##

/* confdefs.h */
#define PACKAGE_NAME ""
#define PACKAGE_TARNAME ""
#define PACKAGE_VERSION ""
#define PACKAGE_STRING ""
#define PACKAGE_BUGREPORT ""
#define PACKAGE_URL ""
#define HAVE_MONGOC 1
#define HAVE_PTHREAD_PRIO_INHERIT 1
#define HAVE_PTHREAD 1
#define HAVE_SHM_OPEN 1
#define COMPILE_DL_MONGODB 1
#define HAVE_PTHREAD_PRIO_INHERIT 1
#define HAVE_PTHREAD 1
#define STDC_HEADERS 1
#define HAVE_SYS_TYPES_H 1
#define HAVE_SYS_STAT_H 1
#define HAVE_STDLIB_H 1
#define HAVE_STRING_H 1
#define HAVE_MEMORY_H 1
#define HAVE_STRINGS_H 1
#define HAVE_INTTYPES_H 1
#define HAVE_STDINT_H 1
#define HAVE_UNISTD_H 1
#define HAVE__BOOL 1
#define HAVE_STDBOOL_H 1
#define HAVE_DLFCN_H 1

configure: exit 0
