This file contains any messages produced by compilers while
running configure, to aid debugging if configure makes a mistake.

It was created by configure, which was
generated by GNU Autoconf 2.69.  Invocation command line was

  $ ./configure 

## --------- ##
## Platform. ##
## --------- ##

hostname = zhudongchangdeMacBook-Pro.local
uname -m = x86_64
uname -r = 15.0.0
uname -s = Darwin
uname -v = Darwin Kernel Version 15.0.0: Wed Aug 26 16:57:32 PDT 2015; root:xnu-3247.1.106~1/RELEASE_X86_64

/usr/bin/uname -p = i386
/bin/uname -X     = unknown

/bin/arch              = unknown
/usr/bin/arch -k       = unknown
/usr/convex/getsysinfo = unknown
/usr/bin/hostinfo      = Mach kernel version:
	 Darwin Kernel Version 15.0.0: Wed Aug 26 16:57:32 PDT 2015; root:xnu-3247.1.106~1/RELEASE_X86_64
Kernel configured for up to 4 processors.
2 processors are physically available.
4 processors are logically available.
Processor type: x86_64h (Intel x86-64h Haswell)
Processors active: 0 1 2 3
Primary memory available: 8.00 gigabytes
Default processor set: 288 tasks, 1099 threads, 4 processors
Load average: 1.27, Mach factor: 2.72
/bin/machine           = unknown
/usr/bin/oslevel       = unknown
/bin/universe          = unknown

PATH: /usr/local/sbin
PATH: /usr/local/bin
PATH: /usr/bin
PATH: /bin
PATH: /usr/sbin
PATH: /sbin


## ----------- ##
## Core tests. ##
## ----------- ##

configure:2300: checking for grep that handles long lines and -e
configure:2358: result: /usr/bin/grep
configure:2363: checking for egrep
configure:2425: result: /usr/bin/grep -E
configure:2430: checking for a sed that does not truncate output
configure:2484: result: /usr/bin/sed
configure:2616: checking for cc
configure:2632: found /usr/bin/cc
configure:2643: result: cc
configure:2674: checking for C compiler version
configure:2683: cc --version >&5
Apple LLVM version 7.0.0 (clang-700.1.76)
Target: x86_64-apple-darwin15.0.0
Thread model: posix
configure:2694: $? = 0
configure:2683: cc -v >&5
Apple LLVM version 7.0.0 (clang-700.1.76)
Target: x86_64-apple-darwin15.0.0
Thread model: posix
configure:2694: $? = 0
configure:2683: cc -V >&5
clang: error: argument to '-V' is missing (expected 1 value)
clang: error: no input files
configure:2694: $? = 1
configure:2683: cc -qversion >&5
clang: error: unknown argument: '-qversion'
clang: error: no input files
configure:2694: $? = 1
configure:2714: checking whether the C compiler works
configure:2736: cc    conftest.c  >&5
configure:2740: $? = 0
configure:2788: result: yes
configure:2791: checking for C compiler default output file name
configure:2793: result: a.out
configure:2799: checking for suffix of executables
configure:2806: cc -o conftest    conftest.c  >&5
configure:2810: $? = 0
configure:2832: result: 
configure:2854: checking whether we are cross compiling
configure:2862: cc -o conftest    conftest.c  >&5
configure:2866: $? = 0
configure:2873: ./conftest
configure:2877: $? = 0
configure:2892: result: no
configure:2897: checking for suffix of object files
configure:2919: cc -c   conftest.c >&5
configure:2923: $? = 0
configure:2944: result: o
configure:2948: checking whether we are using the GNU C compiler
configure:2967: cc -c   conftest.c >&5
configure:2967: $? = 0
configure:2976: result: yes
configure:2985: checking whether cc accepts -g
configure:3005: cc -c -g  conftest.c >&5
configure:3005: $? = 0
configure:3046: result: yes
configure:3063: checking for cc option to accept ISO C89
configure:3126: cc  -c -g -O2  conftest.c >&5
configure:3126: $? = 0
configure:3139: result: none needed
configure:3165: checking how to run the C preprocessor
configure:3196: cc -E  conftest.c
configure:3196: $? = 0
configure:3210: cc -E  conftest.c
conftest.c:9:10: fatal error: 'ac_nonexistent.h' file not found
#include <ac_nonexistent.h>
         ^
1 error generated.
configure:3210: $? = 1
configure: failed program was:
| /* confdefs.h */
| #define PACKAGE_NAME ""
| #define PACKAGE_TARNAME ""
| #define PACKAGE_VERSION ""
| #define PACKAGE_STRING ""
| #define PACKAGE_BUGREPORT ""
| #define PACKAGE_URL ""
| /* end confdefs.h.  */
| #include <ac_nonexistent.h>
configure:3235: result: cc -E
configure:3255: cc -E  conftest.c
configure:3255: $? = 0
configure:3269: cc -E  conftest.c
conftest.c:9:10: fatal error: 'ac_nonexistent.h' file not found
#include <ac_nonexistent.h>
         ^
1 error generated.
configure:3269: $? = 1
configure: failed program was:
| /* confdefs.h */
| #define PACKAGE_NAME ""
| #define PACKAGE_TARNAME ""
| #define PACKAGE_VERSION ""
| #define PACKAGE_STRING ""
| #define PACKAGE_BUGREPORT ""
| #define PACKAGE_URL ""
| /* end confdefs.h.  */
| #include <ac_nonexistent.h>
configure:3300: checking for icc
configure:3309: result: no
configure:3323: checking for suncc
configure:3332: result: no
configure:3350: checking whether cc understands -c and -o together
configure:3378: cc -c conftest.c -o conftest2.o >&5
configure:3382: $? = 0
configure:3388: cc -c conftest.c -o conftest2.o >&5
configure:3392: $? = 0
configure:3447: result: yes
configure:3461: checking for system library directory
configure:3476: result: lib
configure:3483: checking if compiler supports -R
configure:3502: cc -o conftest -g -O2   conftest.c -R /usr/lib  >&5
warning: unknown remark option '-R' [-Wunknown-warning-option]
1 warning generated.
ld: can't map file, errno=22 file '/usr/lib' for architecture x86_64
clang: error: linker command failed with exit code 1 (use -v to see invocation)
configure:3502: $? = 1
configure: failed program was:
| /* confdefs.h */
| #define PACKAGE_NAME ""
| #define PACKAGE_TARNAME ""
| #define PACKAGE_VERSION ""
| #define PACKAGE_STRING ""
| #define PACKAGE_BUGREPORT ""
| #define PACKAGE_URL ""
| /* end confdefs.h.  */
| 
| int
| main ()
| {
| 
|   ;
|   return 0;
| }
configure:3512: result: no
configure:3517: checking if compiler supports -Wl,-rpath,
configure:3536: cc -o conftest -g -O2   conftest.c -Wl,-rpath,/usr/lib  >&5
configure:3536: $? = 0
configure:3546: result: yes
configure:3591: checking build system type
configure:3605: result: x86_64-apple-darwin15.0.0
configure:3625: checking host system type
configure:3638: result: x86_64-apple-darwin15.0.0
configure:3658: checking target system type
configure:3671: result: x86_64-apple-darwin15.0.0
configure:3774: checking for PHP prefix
configure:3776: result: /usr/local/Cellar/php56/5.6.16
configure:3778: checking for PHP includes
configure:3780: result: -I/usr/local/Cellar/php56/5.6.16/include/php -I/usr/local/Cellar/php56/5.6.16/include/php/main -I/usr/local/Cellar/php56/5.6.16/include/php/TSRM -I/usr/local/Cellar/php56/5.6.16/include/php/Zend -I/usr/local/Cellar/php56/5.6.16/include/php/ext -I/usr/local/Cellar/php56/5.6.16/include/php/ext/date/lib
configure:3782: checking for PHP extension directory
configure:3784: result: /usr/local/Cellar/php56/5.6.16/lib/php/extensions/debug-non-zts-20131226
configure:3786: checking for PHP installed headers prefix
configure:3788: result: /usr/local/Cellar/php56/5.6.16/include/php
configure:3791: checking if debug is enabled
configure:3817: result: yes
configure:3820: checking if zts is enabled
configure:3846: result: yes
configure:3917: checking for re2c
configure:3947: result: no
configure:3972: WARNING: You will need re2c 0.13.4 or later if you want to regenerate PHP parsers.
configure:3986: checking for gawk
configure:4017: result: no
configure:3986: checking for nawk
configure:4017: result: no
configure:3986: checking for awk
configure:4003: found /usr/bin/awk
configure:4014: result: awk
configure:4037: checking if awk is broken
configure:4044: result: no
configure:4059: checking whether to enable memcache support
configure:4098: result: yes, shared
configure:4107: checking whether to enable memcache session handler support
configure:4121: result: yes
configure:4131: checking for the location of ZLIB
configure:4146: result: no
configure:4191: checking for the location of zlib
configure:4196: result: /usr
configure:4429: checking for session includes
configure:4450: result: /usr/local/Cellar/php56/5.6.16/include/php
configure:4455: checking for memcache session support
configure:4458: result: enabled
configure:5182: checking for ld used by cc
configure:5249: result: /Applications/Xcode.app/Contents/Developer/Toolchains/XcodeDefault.xctoolchain/usr/bin/ld
configure:5256: checking if the linker (/Applications/Xcode.app/Contents/Developer/Toolchains/XcodeDefault.xctoolchain/usr/bin/ld) is GNU ld
configure:5271: result: no
configure:5276: checking for /Applications/Xcode.app/Contents/Developer/Toolchains/XcodeDefault.xctoolchain/usr/bin/ld option to reload object files
configure:5283: result: -r
configure:5301: checking for BSD-compatible nm
configure:5350: result: /usr/bin/nm
configure:5354: checking whether ln -s works
configure:5358: result: yes
configure:5365: checking how to recognize dependent libraries
configure:5551: result: pass_all
configure:5769: checking for ANSI C header files
configure:5789: cc -c -g  -O0  conftest.c >&5
configure:5789: $? = 0
configure:5862: cc -o conftest -g  -O0   conftest.c  >&5
configure:5862: $? = 0
configure:5862: ./conftest
configure:5862: $? = 0
configure:5873: result: yes
configure:5886: checking for sys/types.h
configure:5886: cc -c -g  -O0  conftest.c >&5
configure:5886: $? = 0
configure:5886: result: yes
configure:5886: checking for sys/stat.h
configure:5886: cc -c -g  -O0  conftest.c >&5
configure:5886: $? = 0
configure:5886: result: yes
configure:5886: checking for stdlib.h
configure:5886: cc -c -g  -O0  conftest.c >&5
configure:5886: $? = 0
configure:5886: result: yes
configure:5886: checking for string.h
configure:5886: cc -c -g  -O0  conftest.c >&5
configure:5886: $? = 0
configure:5886: result: yes
configure:5886: checking for memory.h
configure:5886: cc -c -g  -O0  conftest.c >&5
configure:5886: $? = 0
configure:5886: result: yes
configure:5886: checking for strings.h
configure:5886: cc -c -g  -O0  conftest.c >&5
configure:5886: $? = 0
configure:5886: result: yes
configure:5886: checking for inttypes.h
configure:5886: cc -c -g  -O0  conftest.c >&5
configure:5886: $? = 0
configure:5886: result: yes
configure:5886: checking for stdint.h
configure:5886: cc -c -g  -O0  conftest.c >&5
configure:5886: $? = 0
configure:5886: result: yes
configure:5886: checking for unistd.h
configure:5886: cc -c -g  -O0  conftest.c >&5
configure:5886: $? = 0
configure:5886: result: yes
configure:5900: checking dlfcn.h usability
configure:5900: cc -c -g  -O0  conftest.c >&5
configure:5900: $? = 0
configure:5900: result: yes
configure:5900: checking dlfcn.h presence
configure:5900: cc -E  conftest.c
configure:5900: $? = 0
configure:5900: result: yes
configure:5900: checking for dlfcn.h
configure:5900: result: yes
configure:5922: checking the maximum length of command line arguments
configure:6034: result: 196608
configure:6046: checking command to parse /usr/bin/nm output from cc object
configure:6151: cc -c -g  -O0  conftest.c >&5
configure:6154: $? = 0
configure:6158: /usr/bin/nm conftest.o \| sed -n -e 's/^.*[ 	]\([BCDEGRST][BCDEGRST]*\)[ 	][ 	]*\([_A-Za-z][_A-Za-z0-9]*\)$/\1 \2 \2/p' \> conftest.nm
configure:6161: $? = 0
cannot find nm_test_var in conftest.nm
configure:6151: cc -c -g  -O0  conftest.c >&5
configure:6154: $? = 0
configure:6158: /usr/bin/nm conftest.o \| sed -n -e 's/^.*[ 	]\([BCDEGRST][BCDEGRST]*\)[ 	][ 	]*_\([_A-Za-z][_A-Za-z0-9]*\)$/\1 _\2 \2/p' \> conftest.nm
configure:6161: $? = 0
configure:6213: cc -o conftest -g  -O0   conftest.c conftstm.o >&5
warning: (x86_64)  could not find object file symbol for symbol _main
configure:6216: $? = 0
configure:6254: result: ok
configure:6258: checking for objdir
configure:6273: result: .libs
configure:6365: checking for ar
configure:6381: found /usr/bin/ar
configure:6392: result: ar
configure:6457: checking for ranlib
configure:6473: found /usr/bin/ranlib
configure:6484: result: ranlib
configure:6549: checking for strip
configure:6565: found /usr/bin/strip
configure:6576: result: strip
configure:6829: checking for dsymutil
configure:6845: found /usr/bin/dsymutil
configure:6856: result: dsymutil
configure:6921: checking for nmedit
configure:6937: found /usr/bin/nmedit
configure:6948: result: nmedit
configure:6971: checking for -single_module linker flag
configure:6992: result: yes
configure:6994: checking for -exported_symbols_list linker flag
configure:7010: cc -o conftest -g  -O0   -Wl,-exported_symbols_list,conftest.sym conftest.c  >&5
configure:7013: $? = 0
configure:7027: result: yes
configure:7145: checking if cc supports -fno-rtti -fno-exceptions
configure:7163: cc -c -g  -O0  -fno-rtti -fno-exceptions conftest.c >&5
configure:7167: $? = 0
configure:7180: result: yes
configure:7195: checking for cc option to produce PIC
configure:7435: result: -fno-common
configure:7443: checking if cc PIC flag -fno-common works
configure:7461: cc -c -g  -O0  -fno-common -DPIC conftest.c >&5
configure:7465: $? = 0
configure:7478: result: yes
configure:7506: checking if cc static flag -static works
configure:7534: result: no
configure:7544: checking if cc supports -c -o file.o
configure:7565: cc -c -g  -O0  -o out/conftest2.o conftest.c >&5
configure:7569: $? = 0
configure:7591: result: yes
configure:7617: checking whether the cc linker (/Applications/Xcode.app/Contents/Developer/Toolchains/XcodeDefault.xctoolchain/usr/bin/ld) supports shared libraries
configure:8545: result: yes
configure:8612: checking dynamic linker characteristics
configure:9210: result: darwin15.0.0 dyld
configure:9234: checking how to hardcode library paths into programs
configure:9259: result: immediate
configure:9273: checking whether stripping libraries is possible
configure:9287: result: yes
configure:9795: checking if libtool supports shared libraries
configure:9797: result: yes
configure:9800: checking whether to build shared libraries
configure:9821: result: yes
configure:9824: checking whether to build static libraries
configure:9828: result: no
configure:9923: result:
creating libtool
configure:13622: creating ./config.status

## ---------------------- ##
## Running config.status. ##
## ---------------------- ##

This file was extended by config.status, which was
generated by GNU Autoconf 2.69.  Invocation command line was

  CONFIG_FILES    = 
  CONFIG_HEADERS  = 
  CONFIG_LINKS    = 
  CONFIG_COMMANDS = 
  $ ./config.status 

on zhudongchangdeMacBook-Pro.local

config.status:678: creating config.h

## ---------------- ##
## Cache variables. ##
## ---------------- ##

ac_cv_build=x86_64-apple-darwin15.0.0
ac_cv_c_compiler_gnu=yes
ac_cv_env_CC_set=
ac_cv_env_CC_value=
ac_cv_env_CFLAGS_set=
ac_cv_env_CFLAGS_value=
ac_cv_env_CPPFLAGS_set=
ac_cv_env_CPPFLAGS_value=
ac_cv_env_CPP_set=
ac_cv_env_CPP_value=
ac_cv_env_LDFLAGS_set=
ac_cv_env_LDFLAGS_value=
ac_cv_env_LIBS_set=
ac_cv_env_LIBS_value=
ac_cv_env_build_alias_set=
ac_cv_env_build_alias_value=
ac_cv_env_host_alias_set=
ac_cv_env_host_alias_value=
ac_cv_env_target_alias_set=
ac_cv_env_target_alias_value=
ac_cv_header_dlfcn_h=yes
ac_cv_header_inttypes_h=yes
ac_cv_header_memory_h=yes
ac_cv_header_stdc=yes
ac_cv_header_stdint_h=yes
ac_cv_header_stdlib_h=yes
ac_cv_header_string_h=yes
ac_cv_header_strings_h=yes
ac_cv_header_sys_stat_h=yes
ac_cv_header_sys_types_h=yes
ac_cv_header_unistd_h=yes
ac_cv_host=x86_64-apple-darwin15.0.0
ac_cv_objext=o
ac_cv_path_EGREP='/usr/bin/grep -E'
ac_cv_path_GREP=/usr/bin/grep
ac_cv_prog_AWK=awk
ac_cv_prog_CPP='cc -E'
ac_cv_prog_ac_ct_AR=ar
ac_cv_prog_ac_ct_CC=cc
ac_cv_prog_ac_ct_DSYMUTIL=dsymutil
ac_cv_prog_ac_ct_NMEDIT=nmedit
ac_cv_prog_ac_ct_RANLIB=ranlib
ac_cv_prog_ac_ct_STRIP=strip
ac_cv_prog_cc_c89=
ac_cv_prog_cc_cc_c_o=yes
ac_cv_prog_cc_g=yes
ac_cv_target=x86_64-apple-darwin15.0.0
lt_cv_apple_cc_single_mod=yes
lt_cv_deplibs_check_method=pass_all
lt_cv_file_magic_cmd='$MAGIC_CMD'
lt_cv_file_magic_test_file=
lt_cv_ld_exported_symbols_list=yes
lt_cv_ld_reload_flag=-r
lt_cv_objdir=.libs
lt_cv_path_LD=/Applications/Xcode.app/Contents/Developer/Toolchains/XcodeDefault.xctoolchain/usr/bin/ld
lt_cv_path_NM=/usr/bin/nm
lt_cv_path_SED=/usr/bin/sed
lt_cv_prog_compiler_c_o=yes
lt_cv_prog_compiler_pic_works=yes
lt_cv_prog_compiler_rtti_exceptions=yes
lt_cv_prog_compiler_static_works=no
lt_cv_prog_gnu_ld=no
lt_cv_sys_global_symbol_pipe='sed -n -e '\''s/^.*[ 	]\([BCDEGRST][BCDEGRST]*\)[ 	][ 	]*_\([_A-Za-z][_A-Za-z0-9]*\)$/\1 _\2 \2/p'\'''
lt_cv_sys_global_symbol_to_c_name_address='sed -n -e '\''s/^: \([^ ]*\) $/  {\"\1\", (lt_ptr) 0},/p'\'' -e '\''s/^[BCDEGRST] \([^ ]*\) \([^ ]*\)$/  {"\2", (lt_ptr) \&\2},/p'\'''
lt_cv_sys_global_symbol_to_cdecl='sed -n -e '\''s/^. .* \(.*\)$/extern int \1;/p'\'''
lt_cv_sys_lib_dlsearch_path_spec='/usr/local/lib /lib /usr/lib'
lt_cv_sys_lib_search_path_spec='/Applications/Xcode.app/Contents/Developer/Toolchains/XcodeDefault.xctoolchain/usr/lib/clang/7.0.0 /usr/local/lib'
lt_cv_sys_max_cmd_len=196608
lt_lt_cv_prog_compiler_c_o='"yes"'
lt_lt_cv_sys_global_symbol_pipe='"sed -n -e '\''s/^.*[ 	]\\([BCDEGRST][BCDEGRST]*\\)[ 	][ 	]*_\\([_A-Za-z][_A-Za-z0-9]*\\)\$/\\1 _\\2 \\2/p'\''"'
lt_lt_cv_sys_global_symbol_to_c_name_address='"sed -n -e '\''s/^: \\([^ ]*\\) \$/  {\\\"\\1\\\", (lt_ptr) 0},/p'\'' -e '\''s/^[BCDEGRST] \\([^ ]*\\) \\([^ ]*\\)\$/  {\"\\2\", (lt_ptr) \\&\\2},/p'\''"'
lt_lt_cv_sys_global_symbol_to_cdecl='"sed -n -e '\''s/^. .* \\(.*\\)\$/extern int \\1;/p'\''"'
php_cv_cc_dashr=no
php_cv_cc_rpath=yes

## ----------------- ##
## Output variables. ##
## ----------------- ##

AR='ar'
AWK='awk'
CC='cc'
CFLAGS='-g  -O0'
CONFIGURE_COMMAND=' '\''./configure'\'' '
CONFIGURE_OPTIONS=''
CPP='cc -E'
CPPFLAGS=' -DHAVE_CONFIG_H'
DEFS='-DHAVE_CONFIG_H'
DSYMUTIL='dsymutil'
ECHO='/bin/echo'
ECHO_C='\c'
ECHO_N=''
ECHO_T=''
EGREP='/usr/bin/grep -E'
EXEEXT=''
GREP='/usr/bin/grep'
LDFLAGS=''
LIBOBJS=''
LIBS=''
LIBTOOL='$(SHELL) $(top_builddir)/libtool'
LN_S='ln -s'
LTLIBOBJS=''
NMEDIT='nmedit'
OBJEXT='o'
PACKAGE_BUGREPORT=''
PACKAGE_NAME=''
PACKAGE_STRING=''
PACKAGE_TARNAME=''
PACKAGE_URL=''
PACKAGE_VERSION=''
PATH_SEPARATOR=':'
RANLIB='ranlib'
RE2C='exit 0;'
SED='/usr/bin/sed'
SHELL='/bin/sh'
SHLIB_DL_SUFFIX_NAME='so'
SHLIB_SUFFIX_NAME='dylib'
STRIP='strip'
ac_ct_CC='cc'
bindir='${exec_prefix}/bin'
build='x86_64-apple-darwin15.0.0'
build_alias=''
build_cpu='x86_64'
build_os='darwin15.0.0'
build_vendor='apple'
datadir='${datarootdir}'
datarootdir='${prefix}/share'
docdir='${datarootdir}/doc/${PACKAGE}'
dvidir='${docdir}'
exec_prefix='$(prefix)'
host='x86_64-apple-darwin15.0.0'
host_alias='x86_64-apple-darwin15.0.0'
host_cpu='x86_64'
host_os='darwin15.0.0'
host_vendor='apple'
htmldir='${docdir}'
includedir='${prefix}/include'
infodir='${datarootdir}/info'
libdir='${exec_prefix}/lib'
libexecdir='${exec_prefix}/libexec'
localedir='${datarootdir}/locale'
localstatedir='${prefix}/var'
mandir='${datarootdir}/man'
oldincludedir='/usr/include'
pdfdir='${docdir}'
prefix='/usr/local/Cellar/php56/5.6.16'
program_transform_name='s,x,x,'
psdir='${docdir}'
sbindir='${exec_prefix}/sbin'
sharedstatedir='${prefix}/com'
sysconfdir='${prefix}/etc'
target='x86_64-apple-darwin15.0.0'
target_alias=''
target_cpu='x86_64'
target_os='darwin15.0.0'
target_vendor='apple'

## ----------- ##
## confdefs.h. ##
## ----------- ##

/* confdefs.h */
#define PACKAGE_NAME ""
#define PACKAGE_TARNAME ""
#define PACKAGE_VERSION ""
#define PACKAGE_STRING ""
#define PACKAGE_BUGREPORT ""
#define PACKAGE_URL ""
#define HAVE_MEMCACHE_SESSION 1
#define HAVE_MEMCACHE 1
#define COMPILE_DL_MEMCACHE 1
#define STDC_HEADERS 1
#define HAVE_SYS_TYPES_H 1
#define HAVE_SYS_STAT_H 1
#define HAVE_STDLIB_H 1
#define HAVE_STRING_H 1
#define HAVE_MEMORY_H 1
#define HAVE_STRINGS_H 1
#define HAVE_INTTYPES_H 1
#define HAVE_STDINT_H 1
#define HAVE_UNISTD_H 1
#define HAVE_DLFCN_H 1

configure: exit 0
