This file contains any messages produced by compilers while
running configure, to aid debugging if configure makes a mistake.

It was created by sphinx configure 0.9.9, which was
generated by GNU Autoconf 2.61.  Invocation command line was

  $ ./configure --prefix=/usr/local/coreseek --without-unixodbc --with-mmseg --with-mmseg-includes=/usr/local/mmseg3/include/mmseg/ --with-mmseg-libs=/usr/local/mmseg3/lib/ --with-mysql --with-mysql-includes=/usr/local/Cellar/mysql/5.7.9/include/mysql --with-mysql-libs=/usr/local/Cellar/mysql/5.7.9/lib

## --------- ##
## Platform. ##
## --------- ##

hostname = zhudongchangdeMacBook-Pro.local
uname -m = x86_64
uname -r = 15.2.0
uname -s = Darwin
uname -v = Darwin Kernel Version 15.2.0: Fri Nov 13 19:56:56 PST 2015; root:xnu-3248.20.55~2/RELEASE_X86_64

/usr/bin/uname -p = i386
/bin/uname -X     = unknown

/bin/arch              = unknown
/usr/bin/arch -k       = unknown
/usr/convex/getsysinfo = unknown
/usr/bin/hostinfo      = Mach kernel version:
	 Darwin Kernel Version 15.2.0: Fri Nov 13 19:56:56 PST 2015; root:xnu-3248.20.55~2/RELEASE_X86_64
Kernel configured for up to 4 processors.
2 processors are physically available.
4 processors are logically available.
Processor type: x86_64h (Intel x86-64h Haswell)
Processors active: 0 1 2 3
Primary memory available: 8.00 gigabytes
Default processor set: 290 tasks, 1247 threads, 4 processors
Load average: 1.44, Mach factor: 2.58
/bin/machine           = unknown
/usr/bin/oslevel       = unknown
/bin/universe          = unknown

PATH: /usr/local/bin
PATH: /usr/local/sbin
PATH: /Users/zhudongchang/bin
PATH: /usr/local/bin
PATH: /usr/local/bin
PATH: /usr/bin
PATH: /bin
PATH: /usr/sbin
PATH: /sbin
PATH: /Users/zhudongchang/WorkData/sh


## ----------- ##
## Core tests. ##
## ----------- ##

configure:1803: result: 
configure:1805: result: checking build environment
configure:1808: result: --------------------------
configure:1810: result: 
configure:1859: checking for a BSD-compatible install
configure:1915: result: /usr/bin/install -c
configure:1926: checking whether build environment is sane
configure:1969: result: yes
configure:2026: checking for gawk
configure:2056: result: no
configure:2026: checking for mawk
configure:2056: result: no
configure:2026: checking for nawk
configure:2056: result: no
configure:2026: checking for awk
configure:2042: found /usr/bin/awk
configure:2053: result: awk
configure:2064: checking whether make sets $(MAKE)
configure:2085: result: yes
configure:2265: checking whether to enable maintainer-specific portions of Makefiles
configure:2274: result: no
configure:2300: checking for python
configure:2318: found /usr/bin/python
configure:2330: result: /usr/bin/python
configure:2352: checking for python version
configure:2359: result: 2.7
configure:2371: checking for python platform
configure:2378: result: darwin
configure:2385: checking for python script directory
configure:2393: result: ${prefix}/lib/python2.7/site-packages
configure:2402: checking for python extension module directory
configure:2410: result: ${exec_prefix}/lib/python2.7/site-packages
configure:2433: result: 
configure:2435: result: checking for compiler programs
configure:2438: result: ------------------------------
configure:2440: result: 
configure:2454: checking whether to compile debug version
configure:2464: result: no
configure:2528: checking for gcc
configure:2544: found /usr/bin/gcc
configure:2555: result: gcc
configure:2793: checking for C compiler version
configure:2800: gcc --version >&5
Configured with: --prefix=/Applications/Xcode.app/Contents/Developer/usr --with-gxx-include-dir=/usr/include/c++/4.2.1
Apple LLVM version 7.0.2 (clang-700.1.81)
Target: x86_64-apple-darwin15.2.0
Thread model: posix
configure:2803: $? = 0
configure:2810: gcc -v >&5
Configured with: --prefix=/Applications/Xcode.app/Contents/Developer/usr --with-gxx-include-dir=/usr/include/c++/4.2.1
Apple LLVM version 7.0.2 (clang-700.1.81)
Target: x86_64-apple-darwin15.2.0
Thread model: posix
configure:2813: $? = 0
configure:2820: gcc -V >&5
clang: error: argument to '-V' is missing (expected 1 value)
clang: error: no input files
configure:2823: $? = 1
configure:2846: checking for C compiler default output file name
configure:2873: gcc -Wall -g -D_FILE_OFFSET_BITS=64 -O3 -DNDEBUG  -I/usr/local/include  conftest.c  -L/usr/local/lib >&5
configure:2876: $? = 0
configure:2914: result: a.out
configure:2931: checking whether the C compiler works
configure:2941: ./a.out
configure:2944: $? = 0
configure:2961: result: yes
configure:2968: checking whether we are cross compiling
configure:2970: result: no
configure:2973: checking for suffix of executables
configure:2980: gcc -o conftest -Wall -g -D_FILE_OFFSET_BITS=64 -O3 -DNDEBUG  -I/usr/local/include  conftest.c  -L/usr/local/lib >&5
configure:2983: $? = 0
configure:3007: result: 
configure:3013: checking for suffix of object files
configure:3039: gcc -c -Wall -g -D_FILE_OFFSET_BITS=64 -O3 -DNDEBUG  -I/usr/local/include conftest.c >&5
configure:3042: $? = 0
configure:3065: result: o
configure:3069: checking whether we are using the GNU C compiler
configure:3098: gcc -c -Wall -g -D_FILE_OFFSET_BITS=64 -O3 -DNDEBUG  -I/usr/local/include conftest.c >&5
configure:3104: $? = 0
configure:3121: result: yes
configure:3126: checking whether gcc accepts -g
configure:3156: gcc -c -g  -I/usr/local/include conftest.c >&5
configure:3162: $? = 0
configure:3261: result: yes
configure:3278: checking for gcc option to accept ISO C89
configure:3352: gcc  -c -Wall -g -D_FILE_OFFSET_BITS=64 -O3 -DNDEBUG  -I/usr/local/include conftest.c >&5
configure:3358: $? = 0
configure:3381: result: none needed
configure:3410: checking for style of include used by make
configure:3438: result: GNU
configure:3466: checking dependency style of gcc
configure:3556: result: gcc3
configure:3631: checking for g++
configure:3647: found /usr/bin/g++
configure:3658: result: g++
configure:3689: checking for C++ compiler version
configure:3696: g++ --version >&5
Configured with: --prefix=/Applications/Xcode.app/Contents/Developer/usr --with-gxx-include-dir=/usr/include/c++/4.2.1
Apple LLVM version 7.0.2 (clang-700.1.81)
Target: x86_64-apple-darwin15.2.0
Thread model: posix
configure:3699: $? = 0
configure:3706: g++ -v >&5
Configured with: --prefix=/Applications/Xcode.app/Contents/Developer/usr --with-gxx-include-dir=/usr/include/c++/4.2.1
Apple LLVM version 7.0.2 (clang-700.1.81)
Target: x86_64-apple-darwin15.2.0
Thread model: posix
configure:3709: $? = 0
configure:3716: g++ -V >&5
clang: error: argument to '-V' is missing (expected 1 value)
clang: error: no input files
configure:3719: $? = 1
configure:3722: checking whether we are using the GNU C++ compiler
configure:3751: g++ -c -Wall -g -D_FILE_OFFSET_BITS=64 -O3 -DNDEBUG  -I/usr/local/include conftest.cpp >&5
configure:3757: $? = 0
configure:3774: result: yes
configure:3779: checking whether g++ accepts -g
configure:3809: g++ -c -g  -I/usr/local/include conftest.cpp >&5
configure:3815: $? = 0
configure:3914: result: yes
configure:3939: checking dependency style of g++
configure:4029: result: gcc3
configure:4089: checking for ranlib
configure:4105: found /usr/bin/ranlib
configure:4116: result: ranlib
configure:4237: result: 
configure:4239: result: checking for header files
configure:4242: result: -------------------------
configure:4244: result: 
configure:4255: checking how to run the C preprocessor
configure:4295: gcc -E  -I/usr/local/include conftest.c
configure:4301: $? = 0
configure:4332: gcc -E  -I/usr/local/include conftest.c
conftest.c:10:10: fatal error: 'ac_nonexistent.h' file not found
#include <ac_nonexistent.h>
         ^
1 error generated.
configure:4338: $? = 1
configure: failed program was:
| /* confdefs.h.  */
| #define PACKAGE_NAME "sphinx"
| #define PACKAGE_TARNAME "sphinx"
| #define PACKAGE_VERSION "0.9.9"
| #define PACKAGE_STRING "sphinx 0.9.9"
| #define PACKAGE_BUGREPORT "shodan(at)shodan.ru"
| #define PACKAGE "sphinx"
| #define VERSION "0.9.9"
| /* end confdefs.h.  */
| #include <ac_nonexistent.h>
configure:4371: result: gcc -E
configure:4400: gcc -E  -I/usr/local/include conftest.c
configure:4406: $? = 0
configure:4437: gcc -E  -I/usr/local/include conftest.c
conftest.c:10:10: fatal error: 'ac_nonexistent.h' file not found
#include <ac_nonexistent.h>
         ^
1 error generated.
configure:4443: $? = 1
configure: failed program was:
| /* confdefs.h.  */
| #define PACKAGE_NAME "sphinx"
| #define PACKAGE_TARNAME "sphinx"
| #define PACKAGE_VERSION "0.9.9"
| #define PACKAGE_STRING "sphinx 0.9.9"
| #define PACKAGE_BUGREPORT "shodan(at)shodan.ru"
| #define PACKAGE "sphinx"
| #define VERSION "0.9.9"
| /* end confdefs.h.  */
| #include <ac_nonexistent.h>
configure:4481: checking for grep that handles long lines and -e
configure:4555: result: /usr/bin/grep
configure:4560: checking for egrep
configure:4638: result: /usr/bin/grep -E
configure:4643: checking for ANSI C header files
configure:4673: gcc -c -Wall -g -D_FILE_OFFSET_BITS=64 -O3 -DNDEBUG  -I/usr/local/include conftest.c >&5
configure:4679: $? = 0
configure:4778: gcc -o conftest -Wall -g -D_FILE_OFFSET_BITS=64 -O3 -DNDEBUG  -I/usr/local/include  conftest.c  -L/usr/local/lib >&5
configure:4781: $? = 0
configure:4787: ./conftest
configure:4790: $? = 0
configure:4807: result: yes
configure:4817: checking for sys/wait.h that is POSIX.1 compatible
configure:4853: gcc -c -Wall -g -D_FILE_OFFSET_BITS=64 -O3 -DNDEBUG  -I/usr/local/include conftest.c >&5
configure:4859: $? = 0
configure:4874: result: yes
configure:4898: checking for sys/types.h
configure:4919: gcc -c -Wall -g -D_FILE_OFFSET_BITS=64 -O3 -DNDEBUG  -I/usr/local/include conftest.c >&5
configure:4925: $? = 0
configure:4941: result: yes
configure:4898: checking for sys/stat.h
configure:4919: gcc -c -Wall -g -D_FILE_OFFSET_BITS=64 -O3 -DNDEBUG  -I/usr/local/include conftest.c >&5
configure:4925: $? = 0
configure:4941: result: yes
configure:4898: checking for stdlib.h
configure:4919: gcc -c -Wall -g -D_FILE_OFFSET_BITS=64 -O3 -DNDEBUG  -I/usr/local/include conftest.c >&5
configure:4925: $? = 0
configure:4941: result: yes
configure:4898: checking for string.h
configure:4919: gcc -c -Wall -g -D_FILE_OFFSET_BITS=64 -O3 -DNDEBUG  -I/usr/local/include conftest.c >&5
configure:4925: $? = 0
configure:4941: result: yes
configure:4898: checking for memory.h
configure:4919: gcc -c -Wall -g -D_FILE_OFFSET_BITS=64 -O3 -DNDEBUG  -I/usr/local/include conftest.c >&5
configure:4925: $? = 0
configure:4941: result: yes
configure:4898: checking for strings.h
configure:4919: gcc -c -Wall -g -D_FILE_OFFSET_BITS=64 -O3 -DNDEBUG  -I/usr/local/include conftest.c >&5
configure:4925: $? = 0
configure:4941: result: yes
configure:4898: checking for inttypes.h
configure:4919: gcc -c -Wall -g -D_FILE_OFFSET_BITS=64 -O3 -DNDEBUG  -I/usr/local/include conftest.c >&5
configure:4925: $? = 0
configure:4941: result: yes
configure:4898: checking for stdint.h
configure:4919: gcc -c -Wall -g -D_FILE_OFFSET_BITS=64 -O3 -DNDEBUG  -I/usr/local/include conftest.c >&5
configure:4925: $? = 0
configure:4941: result: yes
configure:4898: checking for unistd.h
configure:4919: gcc -c -Wall -g -D_FILE_OFFSET_BITS=64 -O3 -DNDEBUG  -I/usr/local/include conftest.c >&5
configure:4925: $? = 0
configure:4941: result: yes
configure:4978: checking fcntl.h usability
configure:4995: gcc -c -Wall -g -D_FILE_OFFSET_BITS=64 -O3 -DNDEBUG  -I/usr/local/include conftest.c >&5
configure:5001: $? = 0
configure:5015: result: yes
configure:5019: checking fcntl.h presence
configure:5034: gcc -E  -I/usr/local/include conftest.c
configure:5040: $? = 0
configure:5054: result: yes
configure:5087: checking for fcntl.h
configure:5095: result: yes
configure:4978: checking limits.h usability
configure:4995: gcc -c -Wall -g -D_FILE_OFFSET_BITS=64 -O3 -DNDEBUG  -I/usr/local/include conftest.c >&5
configure:5001: $? = 0
configure:5015: result: yes
configure:5019: checking limits.h presence
configure:5034: gcc -E  -I/usr/local/include conftest.c
configure:5040: $? = 0
configure:5054: result: yes
configure:5087: checking for limits.h
configure:5095: result: yes
configure:4978: checking netdb.h usability
configure:4995: gcc -c -Wall -g -D_FILE_OFFSET_BITS=64 -O3 -DNDEBUG  -I/usr/local/include conftest.c >&5
configure:5001: $? = 0
configure:5015: result: yes
configure:5019: checking netdb.h presence
configure:5034: gcc -E  -I/usr/local/include conftest.c
configure:5040: $? = 0
configure:5054: result: yes
configure:5087: checking for netdb.h
configure:5095: result: yes
configure:4978: checking netinet/in.h usability
configure:4995: gcc -c -Wall -g -D_FILE_OFFSET_BITS=64 -O3 -DNDEBUG  -I/usr/local/include conftest.c >&5
configure:5001: $? = 0
configure:5015: result: yes
configure:5019: checking netinet/in.h presence
configure:5034: gcc -E  -I/usr/local/include conftest.c
configure:5040: $? = 0
configure:5054: result: yes
configure:5087: checking for netinet/in.h
configure:5095: result: yes
configure:4968: checking for stdlib.h
configure:4974: result: yes
configure:4968: checking for string.h
configure:4974: result: yes
configure:4978: checking sys/file.h usability
configure:4995: gcc -c -Wall -g -D_FILE_OFFSET_BITS=64 -O3 -DNDEBUG  -I/usr/local/include conftest.c >&5
configure:5001: $? = 0
configure:5015: result: yes
configure:5019: checking sys/file.h presence
configure:5034: gcc -E  -I/usr/local/include conftest.c
configure:5040: $? = 0
configure:5054: result: yes
configure:5087: checking for sys/file.h
configure:5095: result: yes
configure:4978: checking sys/socket.h usability
configure:4995: gcc -c -Wall -g -D_FILE_OFFSET_BITS=64 -O3 -DNDEBUG  -I/usr/local/include conftest.c >&5
configure:5001: $? = 0
configure:5015: result: yes
configure:5019: checking sys/socket.h presence
configure:5034: gcc -E  -I/usr/local/include conftest.c
configure:5040: $? = 0
configure:5054: result: yes
configure:5087: checking for sys/socket.h
configure:5095: result: yes
configure:4978: checking sys/time.h usability
configure:4995: gcc -c -Wall -g -D_FILE_OFFSET_BITS=64 -O3 -DNDEBUG  -I/usr/local/include conftest.c >&5
configure:5001: $? = 0
configure:5015: result: yes
configure:5019: checking sys/time.h presence
configure:5034: gcc -E  -I/usr/local/include conftest.c
configure:5040: $? = 0
configure:5054: result: yes
configure:5087: checking for sys/time.h
configure:5095: result: yes
configure:4968: checking for unistd.h
configure:4974: result: yes
configure:4978: checking pthread.h usability
configure:4995: gcc -c -Wall -g -D_FILE_OFFSET_BITS=64 -O3 -DNDEBUG  -I/usr/local/include conftest.c >&5
configure:5001: $? = 0
configure:5015: result: yes
configure:5019: checking pthread.h presence
configure:5034: gcc -E  -I/usr/local/include conftest.c
configure:5040: $? = 0
configure:5054: result: yes
configure:5087: checking for pthread.h
configure:5095: result: yes
configure:5118: checking expat.h usability
configure:5135: gcc -c -Wall -g -D_FILE_OFFSET_BITS=64 -O3 -DNDEBUG  -I/usr/local/include conftest.c >&5
configure:5141: $? = 0
configure:5155: result: yes
configure:5159: checking expat.h presence
configure:5174: gcc -E  -I/usr/local/include conftest.c
configure:5180: $? = 0
configure:5194: result: yes
configure:5227: checking for expat.h
configure:5234: result: yes
configure:5255: checking iconv.h usability
configure:5272: gcc -c -Wall -g -D_FILE_OFFSET_BITS=64 -O3 -DNDEBUG  -I/usr/local/include conftest.c >&5
configure:5278: $? = 0
configure:5292: result: yes
configure:5296: checking iconv.h presence
configure:5311: gcc -E  -I/usr/local/include conftest.c
configure:5317: $? = 0
configure:5331: result: yes
configure:5364: checking for iconv.h
configure:5371: result: yes
configure:5392: checking zlib.h usability
configure:5409: gcc -c -Wall -g -D_FILE_OFFSET_BITS=64 -O3 -DNDEBUG  -I/usr/local/include conftest.c >&5
configure:5415: $? = 0
configure:5429: result: yes
configure:5433: checking zlib.h presence
configure:5448: gcc -E  -I/usr/local/include conftest.c
configure:5454: $? = 0
configure:5468: result: yes
configure:5501: checking for zlib.h
configure:5508: result: yes
configure:5522: result: 
configure:5524: result: checking for types
configure:5527: result: ------------------
configure:5529: result: 
configure:5534: checking for stdbool.h that conforms to C99
configure:5627: gcc -c -Wall -g -D_FILE_OFFSET_BITS=64 -O3 -DNDEBUG  -I/usr/local/include conftest.c >&5
conftest.c:59:12: warning: address of 's' will always evaluate to 'true' [-Wpointer-bool-conversion]
        bool e = &s;
             ~    ^
conftest.c:101:11: warning: address of array 'a' will always evaluate to 'true' [-Wpointer-bool-conversion]
        return (!a + !b + !c + !d + !e + !f + !g + !h + !i + !!j + !k + !!l
                ~^
conftest.c:101:16: warning: address of array 'b' will always evaluate to 'true' [-Wpointer-bool-conversion]
        return (!a + !b + !c + !d + !e + !f + !g + !h + !i + !!j + !k + !!l
                     ~^
conftest.c:101:21: warning: address of array 'c' will always evaluate to 'true' [-Wpointer-bool-conversion]
        return (!a + !b + !c + !d + !e + !f + !g + !h + !i + !!j + !k + !!l
                          ~^
conftest.c:101:26: warning: address of array 'd' will always evaluate to 'true' [-Wpointer-bool-conversion]
        return (!a + !b + !c + !d + !e + !f + !g + !h + !i + !!j + !k + !!l
                               ~^
conftest.c:101:36: warning: address of array 'f' will always evaluate to 'true' [-Wpointer-bool-conversion]
        return (!a + !b + !c + !d + !e + !f + !g + !h + !i + !!j + !k + !!l
                                         ~^
conftest.c:101:41: warning: address of array 'g' will always evaluate to 'true' [-Wpointer-bool-conversion]
        return (!a + !b + !c + !d + !e + !f + !g + !h + !i + !!j + !k + !!l
                                              ~^
conftest.c:101:46: warning: address of array 'h' will always evaluate to 'true' [-Wpointer-bool-conversion]
        return (!a + !b + !c + !d + !e + !f + !g + !h + !i + !!j + !k + !!l
                                                   ~^
conftest.c:101:51: warning: address of array 'i' will always evaluate to 'true' [-Wpointer-bool-conversion]
        return (!a + !b + !c + !d + !e + !f + !g + !h + !i + !!j + !k + !!l
                                                        ~^
conftest.c:102:11: warning: address of array 'n' will always evaluate to 'true' [-Wpointer-bool-conversion]
                       ~^
conftest.c:102:16: warning: address of array 'o' will always evaluate to 'true' [-Wpointer-bool-conversion]
                            ~^
conftest.c:102:21: warning: address of array 'p' will always evaluate to 'true' [-Wpointer-bool-conversion]
                                 ~^
12 warnings generated.
configure:5633: $? = 0
configure:5648: result: yes
configure:5650: checking for _Bool
configure:5680: gcc -c -Wall -g -D_FILE_OFFSET_BITS=64 -O3 -DNDEBUG  -I/usr/local/include conftest.c >&5
configure:5686: $? = 0
configure:5701: result: yes
configure:5720: checking for an ANSI C-conforming const
configure:5795: gcc -c -Wall -g -D_FILE_OFFSET_BITS=64 -O3 -DNDEBUG  -I/usr/local/include conftest.c >&5
conftest.c:79:18: warning: variable 'b' is uninitialized when used here [-Wuninitialized]
    struct s *b; b->j = 5;
                 ^
conftest.c:79:16: note: initialize the variable 'b' to silence this warning
    struct s *b; b->j = 5;
               ^
                = 0
conftest.c:63:6: warning: variable 't' is uninitialized when used here [-Wuninitialized]
    *t++ = 0;
     ^
conftest.c:60:12: note: initialize the variable 't' to silence this warning
    char *t;
           ^
            = 0
2 warnings generated.
configure:5801: $? = 0
configure:5816: result: yes
configure:5826: checking for inline
configure:5852: gcc -c -Wall -g -D_FILE_OFFSET_BITS=64 -O3 -DNDEBUG  -I/usr/local/include conftest.c >&5
conftest.c:36:21: warning: unused function 'static_foo' [-Wunused-function]
static inline foo_t static_foo () {return 0; }
                    ^
1 warning generated.
configure:5858: $? = 0
configure:5876: result: inline
configure:5895: checking for off_t
configure:5925: gcc -c -Wall -g -D_FILE_OFFSET_BITS=64 -O3 -DNDEBUG  -I/usr/local/include conftest.c >&5
configure:5931: $? = 0
configure:5946: result: yes
configure:5958: checking for size_t
configure:5988: gcc -c -Wall -g -D_FILE_OFFSET_BITS=64 -O3 -DNDEBUG  -I/usr/local/include conftest.c >&5
configure:5994: $? = 0
configure:6009: result: yes
configure:6021: checking whether time.h and sys/time.h may both be included
configure:6051: gcc -c -Wall -g -D_FILE_OFFSET_BITS=64 -O3 -DNDEBUG  -I/usr/local/include conftest.c >&5
configure:6057: $? = 0
configure:6072: result: yes
configure:6085: result: 
configure:6087: result: checking for library functions
configure:6090: result: ------------------------------
configure:6092: result: 
configure:6097: checking for pid_t
configure:6127: gcc -c -Wall -g -D_FILE_OFFSET_BITS=64 -O3 -DNDEBUG  -I/usr/local/include conftest.c >&5
configure:6133: $? = 0
configure:6148: result: yes
configure:6175: checking vfork.h usability
configure:6192: gcc -c -Wall -g -D_FILE_OFFSET_BITS=64 -O3 -DNDEBUG  -I/usr/local/include conftest.c >&5
conftest.c:68:10: fatal error: 'vfork.h' file not found
#include <vfork.h>
         ^
1 error generated.
configure:6198: $? = 1
configure: failed program was:
| /* confdefs.h.  */
| #define PACKAGE_NAME "sphinx"
| #define PACKAGE_TARNAME "sphinx"
| #define PACKAGE_VERSION "0.9.9"
| #define PACKAGE_STRING "sphinx 0.9.9"
| #define PACKAGE_BUGREPORT "shodan(at)shodan.ru"
| #define PACKAGE "sphinx"
| #define VERSION "0.9.9"
| #define STDC_HEADERS 1
| #define HAVE_SYS_WAIT_H 1
| #define HAVE_SYS_TYPES_H 1
| #define HAVE_SYS_STAT_H 1
| #define HAVE_STDLIB_H 1
| #define HAVE_STRING_H 1
| #define HAVE_MEMORY_H 1
| #define HAVE_STRINGS_H 1
| #define HAVE_INTTYPES_H 1
| #define HAVE_STDINT_H 1
| #define HAVE_UNISTD_H 1
| #define HAVE_FCNTL_H 1
| #define HAVE_LIMITS_H 1
| #define HAVE_NETDB_H 1
| #define HAVE_NETINET_IN_H 1
| #define HAVE_STDLIB_H 1
| #define HAVE_STRING_H 1
| #define HAVE_SYS_FILE_H 1
| #define HAVE_SYS_SOCKET_H 1
| #define HAVE_SYS_TIME_H 1
| #define HAVE_UNISTD_H 1
| #define HAVE_PTHREAD_H 1
| #define HAVE__BOOL 1
| #define HAVE_STDBOOL_H 1
| #define TIME_WITH_SYS_TIME 1
| /* end confdefs.h.  */
| #include <stdio.h>
| #ifdef HAVE_SYS_TYPES_H
| # include <sys/types.h>
| #endif
| #ifdef HAVE_SYS_STAT_H
| # include <sys/stat.h>
| #endif
| #ifdef STDC_HEADERS
| # include <stdlib.h>
| # include <stddef.h>
| #else
| # ifdef HAVE_STDLIB_H
| #  include <stdlib.h>
| # endif
| #endif
| #ifdef HAVE_STRING_H
| # if !defined STDC_HEADERS && defined HAVE_MEMORY_H
| #  include <memory.h>
| # endif
| # include <string.h>
| #endif
| #ifdef HAVE_STRINGS_H
| # include <strings.h>
| #endif
| #ifdef HAVE_INTTYPES_H
| # include <inttypes.h>
| #endif
| #ifdef HAVE_STDINT_H
| # include <stdint.h>
| #endif
| #ifdef HAVE_UNISTD_H
| # include <unistd.h>
| #endif
| #include <vfork.h>
configure:6212: result: no
configure:6216: checking vfork.h presence
configure:6231: gcc -E  -I/usr/local/include conftest.c
conftest.c:35:10: fatal error: 'vfork.h' file not found
#include <vfork.h>
         ^
1 error generated.
configure:6237: $? = 1
configure: failed program was:
| /* confdefs.h.  */
| #define PACKAGE_NAME "sphinx"
| #define PACKAGE_TARNAME "sphinx"
| #define PACKAGE_VERSION "0.9.9"
| #define PACKAGE_STRING "sphinx 0.9.9"
| #define PACKAGE_BUGREPORT "shodan(at)shodan.ru"
| #define PACKAGE "sphinx"
| #define VERSION "0.9.9"
| #define STDC_HEADERS 1
| #define HAVE_SYS_WAIT_H 1
| #define HAVE_SYS_TYPES_H 1
| #define HAVE_SYS_STAT_H 1
| #define HAVE_STDLIB_H 1
| #define HAVE_STRING_H 1
| #define HAVE_MEMORY_H 1
| #define HAVE_STRINGS_H 1
| #define HAVE_INTTYPES_H 1
| #define HAVE_STDINT_H 1
| #define HAVE_UNISTD_H 1
| #define HAVE_FCNTL_H 1
| #define HAVE_LIMITS_H 1
| #define HAVE_NETDB_H 1
| #define HAVE_NETINET_IN_H 1
| #define HAVE_STDLIB_H 1
| #define HAVE_STRING_H 1
| #define HAVE_SYS_FILE_H 1
| #define HAVE_SYS_SOCKET_H 1
| #define HAVE_SYS_TIME_H 1
| #define HAVE_UNISTD_H 1
| #define HAVE_PTHREAD_H 1
| #define HAVE__BOOL 1
| #define HAVE_STDBOOL_H 1
| #define TIME_WITH_SYS_TIME 1
| /* end confdefs.h.  */
| #include <vfork.h>
configure:6251: result: no
configure:6284: checking for vfork.h
configure:6292: result: no
configure:6310: checking for fork
configure:6366: gcc -o conftest -Wall -g -D_FILE_OFFSET_BITS=64 -O3 -DNDEBUG  -I/usr/local/include  conftest.c  -L/usr/local/lib >&5
configure:6372: $? = 0
configure:6390: result: yes
configure:6310: checking for vfork
configure:6366: gcc -o conftest -Wall -g -D_FILE_OFFSET_BITS=64 -O3 -DNDEBUG  -I/usr/local/include  conftest.c  -L/usr/local/lib >&5
conftest.c:59:6: warning: incompatible redeclaration of library function 'vfork' [-Wincompatible-library-redeclaration]
char vfork ();
     ^
conftest.c:59:6: note: 'vfork' is a builtin with type 'int (void)'
1 warning generated.
configure:6372: $? = 0
configure:6390: result: yes
configure:6401: checking for working fork
configure:6433: gcc -o conftest -Wall -g -D_FILE_OFFSET_BITS=64 -O3 -DNDEBUG  -I/usr/local/include  conftest.c  -L/usr/local/lib >&5
configure:6436: $? = 0
configure:6442: ./conftest
configure:6445: $? = 0
configure:6461: result: yes
configure:6482: checking for working vfork
configure:6620: result: yes
configure:6656: checking for stdlib.h
configure:6662: result: yes
configure:6796: checking for GNU libc compatible malloc
configure:6830: gcc -o conftest -Wall -g -D_FILE_OFFSET_BITS=64 -O3 -DNDEBUG  -I/usr/local/include  conftest.c  -L/usr/local/lib >&5
configure:6833: $? = 0
configure:6839: ./conftest
configure:6842: $? = 0
configure:6858: result: yes
configure:6891: checking for stdlib.h
configure:6897: result: yes
configure:7031: checking for GNU libc compatible realloc
configure:7065: gcc -o conftest -Wall -g -D_FILE_OFFSET_BITS=64 -O3 -DNDEBUG  -I/usr/local/include  conftest.c  -L/usr/local/lib >&5
configure:7068: $? = 0
configure:7074: ./conftest
configure:7077: $? = 0
configure:7093: result: yes
configure:7137: checking sys/select.h usability
configure:7154: gcc -c -Wall -g -D_FILE_OFFSET_BITS=64 -O3 -DNDEBUG  -I/usr/local/include conftest.c >&5
configure:7160: $? = 0
configure:7174: result: yes
configure:7178: checking sys/select.h presence
configure:7193: gcc -E  -I/usr/local/include conftest.c
configure:7199: $? = 0
configure:7213: result: yes
configure:7246: checking for sys/select.h
configure:7254: result: yes
configure:7127: checking for sys/socket.h
configure:7133: result: yes
configure:7267: checking types of arguments for select
configure:7305: gcc -c -Wall -g -D_FILE_OFFSET_BITS=64 -O3 -DNDEBUG  -I/usr/local/include conftest.c >&5
configure:7311: $? = 0
configure:7332: result: int,fd_set *,struct timeval *
configure:7355: checking return type of signal handlers
configure:7383: gcc -c -Wall -g -D_FILE_OFFSET_BITS=64 -O3 -DNDEBUG  -I/usr/local/include conftest.c >&5
conftest.c:54:8: error: indirection requires pointer operand ('void' invalid)
return *(signal (0, 0)) (0) == 1;
       ^~~~~~~~~~~~~~~~~~~~
1 error generated.
configure:7389: $? = 1
configure: failed program was:
| /* confdefs.h.  */
| #define PACKAGE_NAME "sphinx"
| #define PACKAGE_TARNAME "sphinx"
| #define PACKAGE_VERSION "0.9.9"
| #define PACKAGE_STRING "sphinx 0.9.9"
| #define PACKAGE_BUGREPORT "shodan(at)shodan.ru"
| #define PACKAGE "sphinx"
| #define VERSION "0.9.9"
| #define STDC_HEADERS 1
| #define HAVE_SYS_WAIT_H 1
| #define HAVE_SYS_TYPES_H 1
| #define HAVE_SYS_STAT_H 1
| #define HAVE_STDLIB_H 1
| #define HAVE_STRING_H 1
| #define HAVE_MEMORY_H 1
| #define HAVE_STRINGS_H 1
| #define HAVE_INTTYPES_H 1
| #define HAVE_STDINT_H 1
| #define HAVE_UNISTD_H 1
| #define HAVE_FCNTL_H 1
| #define HAVE_LIMITS_H 1
| #define HAVE_NETDB_H 1
| #define HAVE_NETINET_IN_H 1
| #define HAVE_STDLIB_H 1
| #define HAVE_STRING_H 1
| #define HAVE_SYS_FILE_H 1
| #define HAVE_SYS_SOCKET_H 1
| #define HAVE_SYS_TIME_H 1
| #define HAVE_UNISTD_H 1
| #define HAVE_PTHREAD_H 1
| #define HAVE__BOOL 1
| #define HAVE_STDBOOL_H 1
| #define TIME_WITH_SYS_TIME 1
| #define HAVE_FORK 1
| #define HAVE_VFORK 1
| #define HAVE_WORKING_VFORK 1
| #define HAVE_WORKING_FORK 1
| #define HAVE_STDLIB_H 1
| #define HAVE_MALLOC 1
| #define HAVE_STDLIB_H 1
| #define HAVE_REALLOC 1
| #define HAVE_SYS_SELECT_H 1
| #define HAVE_SYS_SOCKET_H 1
| #define SELECT_TYPE_ARG1 int
| #define SELECT_TYPE_ARG234 (fd_set *)
| #define SELECT_TYPE_ARG5 (struct timeval *)
| /* end confdefs.h.  */
| #include <sys/types.h>
| #include <signal.h>
| 
| int
| main ()
| {
| return *(signal (0, 0)) (0) == 1;
|   ;
|   return 0;
| }
configure:7404: result: void
configure:7412: checking whether lstat dereferences a symlink specified with a trailing slash
configure:7448: gcc -o conftest -Wall -g -D_FILE_OFFSET_BITS=64 -O3 -DNDEBUG  -I/usr/local/include  conftest.c  -L/usr/local/lib >&5
configure:7451: $? = 0
configure:7457: ./conftest
configure:7460: $? = 1
configure: program exited with status 1
configure: failed program was:
| /* confdefs.h.  */
| #define PACKAGE_NAME "sphinx"
| #define PACKAGE_TARNAME "sphinx"
| #define PACKAGE_VERSION "0.9.9"
| #define PACKAGE_STRING "sphinx 0.9.9"
| #define PACKAGE_BUGREPORT "shodan(at)shodan.ru"
| #define PACKAGE "sphinx"
| #define VERSION "0.9.9"
| #define STDC_HEADERS 1
| #define HAVE_SYS_WAIT_H 1
| #define HAVE_SYS_TYPES_H 1
| #define HAVE_SYS_STAT_H 1
| #define HAVE_STDLIB_H 1
| #define HAVE_STRING_H 1
| #define HAVE_MEMORY_H 1
| #define HAVE_STRINGS_H 1
| #define HAVE_INTTYPES_H 1
| #define HAVE_STDINT_H 1
| #define HAVE_UNISTD_H 1
| #define HAVE_FCNTL_H 1
| #define HAVE_LIMITS_H 1
| #define HAVE_NETDB_H 1
| #define HAVE_NETINET_IN_H 1
| #define HAVE_STDLIB_H 1
| #define HAVE_STRING_H 1
| #define HAVE_SYS_FILE_H 1
| #define HAVE_SYS_SOCKET_H 1
| #define HAVE_SYS_TIME_H 1
| #define HAVE_UNISTD_H 1
| #define HAVE_PTHREAD_H 1
| #define HAVE__BOOL 1
| #define HAVE_STDBOOL_H 1
| #define TIME_WITH_SYS_TIME 1
| #define HAVE_FORK 1
| #define HAVE_VFORK 1
| #define HAVE_WORKING_VFORK 1
| #define HAVE_WORKING_FORK 1
| #define HAVE_STDLIB_H 1
| #define HAVE_MALLOC 1
| #define HAVE_STDLIB_H 1
| #define HAVE_REALLOC 1
| #define HAVE_SYS_SELECT_H 1
| #define HAVE_SYS_SOCKET_H 1
| #define SELECT_TYPE_ARG1 int
| #define SELECT_TYPE_ARG234 (fd_set *)
| #define SELECT_TYPE_ARG5 (struct timeval *)
| #define RETSIGTYPE void
| /* end confdefs.h.  */
| #include <stdio.h>
| #ifdef HAVE_SYS_TYPES_H
| # include <sys/types.h>
| #endif
| #ifdef HAVE_SYS_STAT_H
| # include <sys/stat.h>
| #endif
| #ifdef STDC_HEADERS
| # include <stdlib.h>
| # include <stddef.h>
| #else
| # ifdef HAVE_STDLIB_H
| #  include <stdlib.h>
| # endif
| #endif
| #ifdef HAVE_STRING_H
| # if !defined STDC_HEADERS && defined HAVE_MEMORY_H
| #  include <memory.h>
| # endif
| # include <string.h>
| #endif
| #ifdef HAVE_STRINGS_H
| # include <strings.h>
| #endif
| #ifdef HAVE_INTTYPES_H
| # include <inttypes.h>
| #endif
| #ifdef HAVE_STDINT_H
| # include <stdint.h>
| #endif
| #ifdef HAVE_UNISTD_H
| # include <unistd.h>
| #endif
| int
| main ()
| {
| struct stat sbuf;
|      /* Linux will dereference the symlink and fail.
| 	That is better in the sense that it means we will not
| 	have to compile and use the lstat wrapper.  */
|      return lstat ("conftest.sym/", &sbuf) == 0;
|   ;
|   return 0;
| }
configure:7483: result: no
configure:7502: checking whether stat accepts an empty string
configure:7532: gcc -o conftest -Wall -g -D_FILE_OFFSET_BITS=64 -O3 -DNDEBUG  -I/usr/local/include  conftest.c  -L/usr/local/lib >&5
configure:7535: $? = 0
configure:7541: ./conftest
configure:7544: $? = 0
configure:7560: result: no
configure:7580: checking for vprintf
configure:7636: gcc -o conftest -Wall -g -D_FILE_OFFSET_BITS=64 -O3 -DNDEBUG  -I/usr/local/include  conftest.c  -L/usr/local/lib >&5
conftest.c:72:6: warning: incompatible redeclaration of library function 'vprintf' [-Wincompatible-library-redeclaration]
char vprintf ();
     ^
conftest.c:72:6: note: 'vprintf' is a builtin with type 'int (const char *, __va_list_tag *)'
1 warning generated.
configure:7642: $? = 0
configure:7660: result: yes
configure:7667: checking for _doprnt
configure:7723: gcc -o conftest -Wall -g -D_FILE_OFFSET_BITS=64 -O3 -DNDEBUG  -I/usr/local/include  conftest.c  -L/usr/local/lib >&5
Undefined symbols for architecture x86_64:
  "__doprnt", referenced from:
      _main in conftest-de05e5.o
ld: symbol(s) not found for architecture x86_64
clang: error: linker command failed with exit code 1 (use -v to see invocation)
configure:7729: $? = 1
configure: failed program was:
| /* confdefs.h.  */
| #define PACKAGE_NAME "sphinx"
| #define PACKAGE_TARNAME "sphinx"
| #define PACKAGE_VERSION "0.9.9"
| #define PACKAGE_STRING "sphinx 0.9.9"
| #define PACKAGE_BUGREPORT "shodan(at)shodan.ru"
| #define PACKAGE "sphinx"
| #define VERSION "0.9.9"
| #define STDC_HEADERS 1
| #define HAVE_SYS_WAIT_H 1
| #define HAVE_SYS_TYPES_H 1
| #define HAVE_SYS_STAT_H 1
| #define HAVE_STDLIB_H 1
| #define HAVE_STRING_H 1
| #define HAVE_MEMORY_H 1
| #define HAVE_STRINGS_H 1
| #define HAVE_INTTYPES_H 1
| #define HAVE_STDINT_H 1
| #define HAVE_UNISTD_H 1
| #define HAVE_FCNTL_H 1
| #define HAVE_LIMITS_H 1
| #define HAVE_NETDB_H 1
| #define HAVE_NETINET_IN_H 1
| #define HAVE_STDLIB_H 1
| #define HAVE_STRING_H 1
| #define HAVE_SYS_FILE_H 1
| #define HAVE_SYS_SOCKET_H 1
| #define HAVE_SYS_TIME_H 1
| #define HAVE_UNISTD_H 1
| #define HAVE_PTHREAD_H 1
| #define HAVE__BOOL 1
| #define HAVE_STDBOOL_H 1
| #define TIME_WITH_SYS_TIME 1
| #define HAVE_FORK 1
| #define HAVE_VFORK 1
| #define HAVE_WORKING_VFORK 1
| #define HAVE_WORKING_FORK 1
| #define HAVE_STDLIB_H 1
| #define HAVE_MALLOC 1
| #define HAVE_STDLIB_H 1
| #define HAVE_REALLOC 1
| #define HAVE_SYS_SELECT_H 1
| #define HAVE_SYS_SOCKET_H 1
| #define SELECT_TYPE_ARG1 int
| #define SELECT_TYPE_ARG234 (fd_set *)
| #define SELECT_TYPE_ARG5 (struct timeval *)
| #define RETSIGTYPE void
| #define HAVE_VPRINTF 1
| /* end confdefs.h.  */
| /* Define _doprnt to an innocuous variant, in case <limits.h> declares _doprnt.
|    For example, HP-UX 11i <limits.h> declares gettimeofday.  */
| #define _doprnt innocuous__doprnt
| 
| /* System header to define __stub macros and hopefully few prototypes,
|     which can conflict with char _doprnt (); below.
|     Prefer <limits.h> to <assert.h> if __STDC__ is defined, since
|     <limits.h> exists even on freestanding compilers.  */
| 
| #ifdef __STDC__
| # include <limits.h>
| #else
| # include <assert.h>
| #endif
| 
| #undef _doprnt
| 
| /* Override any GCC internal prototype to avoid an error.
|    Use char because int might match the return type of a GCC
|    builtin and then its argument prototype would still apply.  */
| #ifdef __cplusplus
| extern "C"
| #endif
| char _doprnt ();
| /* The GNU C library defines this for functions which it implements
|     to always fail with ENOSYS.  Some functions are actually named
|     something starting with __ and the normal name is an alias.  */
| #if defined __stub__doprnt || defined __stub____doprnt
| choke me
| #endif
| 
| int
| main ()
| {
| return _doprnt ();
|   ;
|   return 0;
| }
configure:7746: result: no
configure:7760: checking for library containing setsockopt
configure:7801: gcc -o conftest -Wall -g -D_FILE_OFFSET_BITS=64 -O3 -DNDEBUG  -I/usr/local/include  conftest.c  -L/usr/local/lib >&5
configure:7807: $? = 0
configure:7835: result: none required
configure:7843: checking for library containing gethostbyname
configure:7884: gcc -o conftest -Wall -g -D_FILE_OFFSET_BITS=64 -O3 -DNDEBUG  -I/usr/local/include  conftest.c  -L/usr/local/lib >&5
configure:7890: $? = 0
configure:7918: result: none required
configure:7926: checking for library containing XML_Parse
configure:7967: gcc -o conftest -Wall -g -D_FILE_OFFSET_BITS=64 -O3 -DNDEBUG  -I/usr/local/include  conftest.c  -L/usr/local/lib >&5
Undefined symbols for architecture x86_64:
  "_XML_Parse", referenced from:
      _main in conftest-3c1691.o
ld: symbol(s) not found for architecture x86_64
clang: error: linker command failed with exit code 1 (use -v to see invocation)
configure:7973: $? = 1
configure: failed program was:
| /* confdefs.h.  */
| #define PACKAGE_NAME "sphinx"
| #define PACKAGE_TARNAME "sphinx"
| #define PACKAGE_VERSION "0.9.9"
| #define PACKAGE_STRING "sphinx 0.9.9"
| #define PACKAGE_BUGREPORT "shodan(at)shodan.ru"
| #define PACKAGE "sphinx"
| #define VERSION "0.9.9"
| #define STDC_HEADERS 1
| #define HAVE_SYS_WAIT_H 1
| #define HAVE_SYS_TYPES_H 1
| #define HAVE_SYS_STAT_H 1
| #define HAVE_STDLIB_H 1
| #define HAVE_STRING_H 1
| #define HAVE_MEMORY_H 1
| #define HAVE_STRINGS_H 1
| #define HAVE_INTTYPES_H 1
| #define HAVE_STDINT_H 1
| #define HAVE_UNISTD_H 1
| #define HAVE_FCNTL_H 1
| #define HAVE_LIMITS_H 1
| #define HAVE_NETDB_H 1
| #define HAVE_NETINET_IN_H 1
| #define HAVE_STDLIB_H 1
| #define HAVE_STRING_H 1
| #define HAVE_SYS_FILE_H 1
| #define HAVE_SYS_SOCKET_H 1
| #define HAVE_SYS_TIME_H 1
| #define HAVE_UNISTD_H 1
| #define HAVE_PTHREAD_H 1
| #define HAVE__BOOL 1
| #define HAVE_STDBOOL_H 1
| #define TIME_WITH_SYS_TIME 1
| #define HAVE_FORK 1
| #define HAVE_VFORK 1
| #define HAVE_WORKING_VFORK 1
| #define HAVE_WORKING_FORK 1
| #define HAVE_STDLIB_H 1
| #define HAVE_MALLOC 1
| #define HAVE_STDLIB_H 1
| #define HAVE_REALLOC 1
| #define HAVE_SYS_SELECT_H 1
| #define HAVE_SYS_SOCKET_H 1
| #define SELECT_TYPE_ARG1 int
| #define SELECT_TYPE_ARG234 (fd_set *)
| #define SELECT_TYPE_ARG5 (struct timeval *)
| #define RETSIGTYPE void
| #define HAVE_VPRINTF 1
| /* end confdefs.h.  */
| 
| /* Override any GCC internal prototype to avoid an error.
|    Use char because int might match the return type of a GCC
|    builtin and then its argument prototype would still apply.  */
| #ifdef __cplusplus
| extern "C"
| #endif
| char XML_Parse ();
| int
| main ()
| {
| return XML_Parse ();
|   ;
|   return 0;
| }
configure:7967: gcc -o conftest -Wall -g -D_FILE_OFFSET_BITS=64 -O3 -DNDEBUG  -I/usr/local/include  conftest.c -lexpat   -L/usr/local/lib >&5
configure:7973: $? = 0
configure:8001: result: -lexpat
configure:8011: checking for library containing iconv
configure:8052: gcc -o conftest -Wall -g -D_FILE_OFFSET_BITS=64 -O3 -DNDEBUG  -I/usr/local/include  conftest.c -lexpat  -L/usr/local/lib >&5
Undefined symbols for architecture x86_64:
  "_iconv", referenced from:
      _main in conftest-a08b5b.o
ld: symbol(s) not found for architecture x86_64
clang: error: linker command failed with exit code 1 (use -v to see invocation)
configure:8058: $? = 1
configure: failed program was:
| /* confdefs.h.  */
| #define PACKAGE_NAME "sphinx"
| #define PACKAGE_TARNAME "sphinx"
| #define PACKAGE_VERSION "0.9.9"
| #define PACKAGE_STRING "sphinx 0.9.9"
| #define PACKAGE_BUGREPORT "shodan(at)shodan.ru"
| #define PACKAGE "sphinx"
| #define VERSION "0.9.9"
| #define STDC_HEADERS 1
| #define HAVE_SYS_WAIT_H 1
| #define HAVE_SYS_TYPES_H 1
| #define HAVE_SYS_STAT_H 1
| #define HAVE_STDLIB_H 1
| #define HAVE_STRING_H 1
| #define HAVE_MEMORY_H 1
| #define HAVE_STRINGS_H 1
| #define HAVE_INTTYPES_H 1
| #define HAVE_STDINT_H 1
| #define HAVE_UNISTD_H 1
| #define HAVE_FCNTL_H 1
| #define HAVE_LIMITS_H 1
| #define HAVE_NETDB_H 1
| #define HAVE_NETINET_IN_H 1
| #define HAVE_STDLIB_H 1
| #define HAVE_STRING_H 1
| #define HAVE_SYS_FILE_H 1
| #define HAVE_SYS_SOCKET_H 1
| #define HAVE_SYS_TIME_H 1
| #define HAVE_UNISTD_H 1
| #define HAVE_PTHREAD_H 1
| #define HAVE__BOOL 1
| #define HAVE_STDBOOL_H 1
| #define TIME_WITH_SYS_TIME 1
| #define HAVE_FORK 1
| #define HAVE_VFORK 1
| #define HAVE_WORKING_VFORK 1
| #define HAVE_WORKING_FORK 1
| #define HAVE_STDLIB_H 1
| #define HAVE_MALLOC 1
| #define HAVE_STDLIB_H 1
| #define HAVE_REALLOC 1
| #define HAVE_SYS_SELECT_H 1
| #define HAVE_SYS_SOCKET_H 1
| #define SELECT_TYPE_ARG1 int
| #define SELECT_TYPE_ARG234 (fd_set *)
| #define SELECT_TYPE_ARG5 (struct timeval *)
| #define RETSIGTYPE void
| #define HAVE_VPRINTF 1
| /* end confdefs.h.  */
| 
| /* Override any GCC internal prototype to avoid an error.
|    Use char because int might match the return type of a GCC
|    builtin and then its argument prototype would still apply.  */
| #ifdef __cplusplus
| extern "C"
| #endif
| char iconv ();
| int
| main ()
| {
| return iconv ();
|   ;
|   return 0;
| }
configure:8052: gcc -o conftest -Wall -g -D_FILE_OFFSET_BITS=64 -O3 -DNDEBUG  -I/usr/local/include  conftest.c -liconv  -lexpat  -L/usr/local/lib >&5
configure:8058: $? = 0
configure:8086: result: -liconv
configure:8096: checking for library containing inflate
configure:8137: gcc -o conftest -Wall -g -D_FILE_OFFSET_BITS=64 -O3 -DNDEBUG  -I/usr/local/include  conftest.c -liconv -lexpat  -L/usr/local/lib >&5
Undefined symbols for architecture x86_64:
  "_inflate", referenced from:
      _main in conftest-9a2dcb.o
ld: symbol(s) not found for architecture x86_64
clang: error: linker command failed with exit code 1 (use -v to see invocation)
configure:8143: $? = 1
configure: failed program was:
| /* confdefs.h.  */
| #define PACKAGE_NAME "sphinx"
| #define PACKAGE_TARNAME "sphinx"
| #define PACKAGE_VERSION "0.9.9"
| #define PACKAGE_STRING "sphinx 0.9.9"
| #define PACKAGE_BUGREPORT "shodan(at)shodan.ru"
| #define PACKAGE "sphinx"
| #define VERSION "0.9.9"
| #define STDC_HEADERS 1
| #define HAVE_SYS_WAIT_H 1
| #define HAVE_SYS_TYPES_H 1
| #define HAVE_SYS_STAT_H 1
| #define HAVE_STDLIB_H 1
| #define HAVE_STRING_H 1
| #define HAVE_MEMORY_H 1
| #define HAVE_STRINGS_H 1
| #define HAVE_INTTYPES_H 1
| #define HAVE_STDINT_H 1
| #define HAVE_UNISTD_H 1
| #define HAVE_FCNTL_H 1
| #define HAVE_LIMITS_H 1
| #define HAVE_NETDB_H 1
| #define HAVE_NETINET_IN_H 1
| #define HAVE_STDLIB_H 1
| #define HAVE_STRING_H 1
| #define HAVE_SYS_FILE_H 1
| #define HAVE_SYS_SOCKET_H 1
| #define HAVE_SYS_TIME_H 1
| #define HAVE_UNISTD_H 1
| #define HAVE_PTHREAD_H 1
| #define HAVE__BOOL 1
| #define HAVE_STDBOOL_H 1
| #define TIME_WITH_SYS_TIME 1
| #define HAVE_FORK 1
| #define HAVE_VFORK 1
| #define HAVE_WORKING_VFORK 1
| #define HAVE_WORKING_FORK 1
| #define HAVE_STDLIB_H 1
| #define HAVE_MALLOC 1
| #define HAVE_STDLIB_H 1
| #define HAVE_REALLOC 1
| #define HAVE_SYS_SELECT_H 1
| #define HAVE_SYS_SOCKET_H 1
| #define SELECT_TYPE_ARG1 int
| #define SELECT_TYPE_ARG234 (fd_set *)
| #define SELECT_TYPE_ARG5 (struct timeval *)
| #define RETSIGTYPE void
| #define HAVE_VPRINTF 1
| /* end confdefs.h.  */
| 
| /* Override any GCC internal prototype to avoid an error.
|    Use char because int might match the return type of a GCC
|    builtin and then its argument prototype would still apply.  */
| #ifdef __cplusplus
| extern "C"
| #endif
| char inflate ();
| int
| main ()
| {
| return inflate ();
|   ;
|   return 0;
| }
configure:8137: gcc -o conftest -Wall -g -D_FILE_OFFSET_BITS=64 -O3 -DNDEBUG  -I/usr/local/include  conftest.c -lz  -liconv -lexpat  -L/usr/local/lib >&5
configure:8143: $? = 0
configure:8171: result: -lz
configure:8181: checking for library containing logf
configure:8222: gcc -o conftest -Wall -g -D_FILE_OFFSET_BITS=64 -O3 -DNDEBUG  -I/usr/local/include  conftest.c -lz -liconv -lexpat  -L/usr/local/lib >&5
conftest.c:57:6: warning: incompatible redeclaration of library function 'logf' [-Wincompatible-library-redeclaration]
char logf ();
     ^
conftest.c:57:6: note: 'logf' is a builtin with type 'float (float)'
1 warning generated.
configure:8228: $? = 0
configure:8256: result: none required
configure:8281: checking for dup2
configure:8337: gcc -o conftest -Wall -g -D_FILE_OFFSET_BITS=64 -O3 -DNDEBUG  -I/usr/local/include  conftest.c -lz -liconv -lexpat  -L/usr/local/lib >&5
configure:8343: $? = 0
configure:8361: result: yes
configure:8281: checking for gethostbyname
configure:8337: gcc -o conftest -Wall -g -D_FILE_OFFSET_BITS=64 -O3 -DNDEBUG  -I/usr/local/include  conftest.c -lz -liconv -lexpat  -L/usr/local/lib >&5
configure:8343: $? = 0
configure:8361: result: yes
configure:8281: checking for gettimeofday
configure:8337: gcc -o conftest -Wall -g -D_FILE_OFFSET_BITS=64 -O3 -DNDEBUG  -I/usr/local/include  conftest.c -lz -liconv -lexpat  -L/usr/local/lib >&5
configure:8343: $? = 0
configure:8361: result: yes
configure:8281: checking for memmove
configure:8337: gcc -o conftest -Wall -g -D_FILE_OFFSET_BITS=64 -O3 -DNDEBUG  -I/usr/local/include  conftest.c -lz -liconv -lexpat  -L/usr/local/lib >&5
conftest.c:76:6: warning: incompatible redeclaration of library function 'memmove' [-Wincompatible-library-redeclaration]
char memmove ();
     ^
conftest.c:76:6: note: 'memmove' is a builtin with type 'void *(void *, const void *, unsigned long)'
1 warning generated.
configure:8343: $? = 0
configure:8361: result: yes
configure:8281: checking for memset
configure:8337: gcc -o conftest -Wall -g -D_FILE_OFFSET_BITS=64 -O3 -DNDEBUG  -I/usr/local/include  conftest.c -lz -liconv -lexpat  -L/usr/local/lib >&5
conftest.c:77:6: warning: incompatible redeclaration of library function 'memset' [-Wincompatible-library-redeclaration]
char memset ();
     ^
conftest.c:77:6: note: 'memset' is a builtin with type 'void *(void *, int, unsigned long)'
1 warning generated.
configure:8343: $? = 0
configure:8361: result: yes
configure:8281: checking for select
configure:8337: gcc -o conftest -Wall -g -D_FILE_OFFSET_BITS=64 -O3 -DNDEBUG  -I/usr/local/include  conftest.c -lz -liconv -lexpat  -L/usr/local/lib >&5
configure:8343: $? = 0
configure:8361: result: yes
configure:8281: checking for socket
configure:8337: gcc -o conftest -Wall -g -D_FILE_OFFSET_BITS=64 -O3 -DNDEBUG  -I/usr/local/include  conftest.c -lz -liconv -lexpat  -L/usr/local/lib >&5
configure:8343: $? = 0
configure:8361: result: yes
configure:8281: checking for strcasecmp
configure:8337: gcc -o conftest -Wall -g -D_FILE_OFFSET_BITS=64 -O3 -DNDEBUG  -I/usr/local/include  conftest.c -lz -liconv -lexpat  -L/usr/local/lib >&5
conftest.c:80:6: warning: incompatible redeclaration of library function 'strcasecmp' [-Wincompatible-library-redeclaration]
char strcasecmp ();
     ^
conftest.c:80:6: note: 'strcasecmp' is a builtin with type 'int (const char *, const char *)'
1 warning generated.
configure:8343: $? = 0
configure:8361: result: yes
configure:8281: checking for strchr
configure:8337: gcc -o conftest -Wall -g -D_FILE_OFFSET_BITS=64 -O3 -DNDEBUG  -I/usr/local/include  conftest.c -lz -liconv -lexpat  -L/usr/local/lib >&5
conftest.c:81:6: warning: incompatible redeclaration of library function 'strchr' [-Wincompatible-library-redeclaration]
char strchr ();
     ^
conftest.c:81:6: note: 'strchr' is a builtin with type 'char *(const char *, int)'
1 warning generated.
configure:8343: $? = 0
configure:8361: result: yes
configure:8281: checking for strerror
configure:8337: gcc -o conftest -Wall -g -D_FILE_OFFSET_BITS=64 -O3 -DNDEBUG  -I/usr/local/include  conftest.c -lz -liconv -lexpat  -L/usr/local/lib >&5
conftest.c:82:6: warning: incompatible redeclaration of library function 'strerror' [-Wincompatible-library-redeclaration]
char strerror ();
     ^
conftest.c:82:6: note: 'strerror' is a builtin with type 'char *(int)'
1 warning generated.
configure:8343: $? = 0
configure:8361: result: yes
configure:8281: checking for strncasecmp
configure:8337: gcc -o conftest -Wall -g -D_FILE_OFFSET_BITS=64 -O3 -DNDEBUG  -I/usr/local/include  conftest.c -lz -liconv -lexpat  -L/usr/local/lib >&5
conftest.c:83:6: warning: incompatible redeclaration of library function 'strncasecmp' [-Wincompatible-library-redeclaration]
char strncasecmp ();
     ^
conftest.c:83:6: note: 'strncasecmp' is a builtin with type 'int (const char *, const char *, unsigned long)'
1 warning generated.
configure:8343: $? = 0
configure:8361: result: yes
configure:8281: checking for strstr
configure:8337: gcc -o conftest -Wall -g -D_FILE_OFFSET_BITS=64 -O3 -DNDEBUG  -I/usr/local/include  conftest.c -lz -liconv -lexpat  -L/usr/local/lib >&5
conftest.c:84:6: warning: incompatible redeclaration of library function 'strstr' [-Wincompatible-library-redeclaration]
char strstr ();
     ^
conftest.c:84:6: note: 'strstr' is a builtin with type 'char *(const char *, const char *)'
1 warning generated.
configure:8343: $? = 0
configure:8361: result: yes
configure:8281: checking for strtol
configure:8337: gcc -o conftest -Wall -g -D_FILE_OFFSET_BITS=64 -O3 -DNDEBUG  -I/usr/local/include  conftest.c -lz -liconv -lexpat  -L/usr/local/lib >&5
configure:8343: $? = 0
configure:8361: result: yes
configure:8281: checking for logf
configure:8337: gcc -o conftest -Wall -g -D_FILE_OFFSET_BITS=64 -O3 -DNDEBUG  -I/usr/local/include  conftest.c -lz -liconv -lexpat  -L/usr/local/lib >&5
conftest.c:86:6: warning: incompatible redeclaration of library function 'logf' [-Wincompatible-library-redeclaration]
char logf ();
     ^
conftest.c:86:6: note: 'logf' is a builtin with type 'float (float)'
1 warning generated.
configure:8343: $? = 0
configure:8361: result: yes
configure:8373: checking for LOCK_EX in sys/file.h
configure:8402: result: yes
configure:8413: checking for F_SETLKW in fcntl.h
configure:8442: result: yes
configure:8455: result: 
configure:8457: result: configuring Sphinx
configure:8460: result: ------------------
configure:8462: result: 
configure:8472: checking for CFLAGS needed for pthreads
configure:8519: gcc -o conftest -Wall -g -D_FILE_OFFSET_BITS=64 -O3 -DNDEBUG  -I/usr/local/include  conftest.c -lz -liconv -lexpat  -L/usr/local/lib >&5
conftest.c:79:17: warning: unused variable 'once_init' [-Wunused-variable]
        pthread_once_t once_init = PTHREAD_ONCE_INIT;
                       ^
1 warning generated.
configure:8522: $? = 0
configure:8528: ./conftest
configure:8531: $? = 0
configure:8558: result: none
configure:8569: checking for LIBS needed for pthreads
configure:8615: gcc -o conftest -Wall -g -D_FILE_OFFSET_BITS=64 -O3 -DNDEBUG  -I/usr/local/include  conftest.c -lz -liconv -lexpat  -L/usr/local/lib -lpthread >&5
conftest.c:79:17: warning: unused variable 'once_init' [-Wunused-variable]
        pthread_once_t once_init = PTHREAD_ONCE_INIT;
                       ^
1 warning generated.
configure:8618: $? = 0
configure:8624: ./conftest
configure:8627: $? = 0
configure:8654: result: -lpthread
configure:8663: checking for pthreads
configure:8666: result: found
configure:8685: checking whether to compile with MySQL support
configure:8688: result: yes
configure:8733: checking for mysql_config
configure:8744: result: mysql_config
configure:8825: checking MySQL include files
configure:8869: result: -I/usr/local/Cellar/mysql/5.7.9/include/mysql
configure:8874: checking MySQL libraries
configure:8918: result: -L/usr/local/Cellar/mysql/5.7.9/lib -lmysqlclient -lz
configure:8957: checking whether to compile with PostgreSQL support
configure:9107: result: no
configure:9131: checking whether to compile with libmmseg support
configure:9134: result: yes
configure:9201: checking libmmseg include files
configure:9223: result: -I/usr/local/mmseg3/include/mmseg/
configure:9227: checking libmmseg libraries
configure:9249: result: -L/usr/local/mmseg3/lib/ -lmmseg
configure:9291: checking whether to use 64-bit document/word IDs
configure:9313: result: no
configure:9328: checking whether to compile with libstemmer support
configure:9355: result: no
configure:9376: checking for libexpat
configure:9384: result: found
configure:9395: checking for libiconv
configure:9403: result: found
configure:9406: checking for iconv() arg types
configure:9441: g++ -c -Wall -g -D_FILE_OFFSET_BITS=64 -O3 -DNDEBUG  -I/usr/local/include -I/usr/local/Cellar/mysql/5.7.9/include/mysql  -I/usr/local/mmseg3/include/mmseg/  conftest.cpp >&5
conftest.cpp:80:4: error: no matching function for call to 'iconv'
                        iconv ( cd, &inbuf, NULL, NULL, NULL );
                        ^~~~~
/usr/include/iconv.h:69:8: note: candidate function not viable: no known conversion from 'const char **' to 'char **' for 2nd argument
size_t iconv (iconv_t /*cd*/,
       ^
1 error generated.
configure:9447: $? = 1
configure: failed program was:
| /* confdefs.h.  */
| #define PACKAGE_NAME "sphinx"
| #define PACKAGE_TARNAME "sphinx"
| #define PACKAGE_VERSION "0.9.9"
| #define PACKAGE_STRING "sphinx 0.9.9"
| #define PACKAGE_BUGREPORT "shodan(at)shodan.ru"
| #define PACKAGE "sphinx"
| #define VERSION "0.9.9"
| #define STDC_HEADERS 1
| #define HAVE_SYS_WAIT_H 1
| #define HAVE_SYS_TYPES_H 1
| #define HAVE_SYS_STAT_H 1
| #define HAVE_STDLIB_H 1
| #define HAVE_STRING_H 1
| #define HAVE_MEMORY_H 1
| #define HAVE_STRINGS_H 1
| #define HAVE_INTTYPES_H 1
| #define HAVE_STDINT_H 1
| #define HAVE_UNISTD_H 1
| #define HAVE_FCNTL_H 1
| #define HAVE_LIMITS_H 1
| #define HAVE_NETDB_H 1
| #define HAVE_NETINET_IN_H 1
| #define HAVE_STDLIB_H 1
| #define HAVE_STRING_H 1
| #define HAVE_SYS_FILE_H 1
| #define HAVE_SYS_SOCKET_H 1
| #define HAVE_SYS_TIME_H 1
| #define HAVE_UNISTD_H 1
| #define HAVE_PTHREAD_H 1
| #define HAVE__BOOL 1
| #define HAVE_STDBOOL_H 1
| #define TIME_WITH_SYS_TIME 1
| #define HAVE_FORK 1
| #define HAVE_VFORK 1
| #define HAVE_WORKING_VFORK 1
| #define HAVE_WORKING_FORK 1
| #define HAVE_STDLIB_H 1
| #define HAVE_MALLOC 1
| #define HAVE_STDLIB_H 1
| #define HAVE_REALLOC 1
| #define HAVE_SYS_SELECT_H 1
| #define HAVE_SYS_SOCKET_H 1
| #define SELECT_TYPE_ARG1 int
| #define SELECT_TYPE_ARG234 (fd_set *)
| #define SELECT_TYPE_ARG5 (struct timeval *)
| #define RETSIGTYPE void
| #define HAVE_VPRINTF 1
| #define HAVE_DUP2 1
| #define HAVE_GETHOSTBYNAME 1
| #define HAVE_GETTIMEOFDAY 1
| #define HAVE_MEMMOVE 1
| #define HAVE_MEMSET 1
| #define HAVE_SELECT 1
| #define HAVE_SOCKET 1
| #define HAVE_STRCASECMP 1
| #define HAVE_STRCHR 1
| #define HAVE_STRERROR 1
| #define HAVE_STRNCASECMP 1
| #define HAVE_STRSTR 1
| #define HAVE_STRTOL 1
| #define HAVE_LOGF 1
| #define HAVE_LOCK_EX 1
| #define HAVE_F_SETLKW 1
| #define USE_MYSQL 1
| #define USE_MMSEG 1
| #define USE_64BIT 0
| #define USE_LIBSTEMMER 0
| #define USE_LIBEXPAT 1
| #define USE_LIBICONV 1
| /* end confdefs.h.  */
| 
| 			#include <iconv.h>
| 			#include <stdio.h>
| int
| main ()
| {
| const char * inbuf;
| 			iconv_t cd;
| 			iconv ( cd, &inbuf, NULL, NULL, NULL );
| 
|   ;
|   return 0;
| }
configure:9481: result: char **
configure:9503: checking for unaligned RAM access
configure:9550: g++ -o conftest -Wall -g -D_FILE_OFFSET_BITS=64 -O3 -DNDEBUG  -I/usr/local/include -I/usr/local/Cellar/mysql/5.7.9/include/mysql  -I/usr/local/mmseg3/include/mmseg/   conftest.cpp -lz -liconv -lexpat  -L/usr/local/lib -lpthread  >&5
configure:9553: $? = 0
configure:9559: ./conftest
configure:9562: $? = 0
configure:9564: result: yes
configure:9591: result: 
configure:9593: result: generating configuration files
configure:9596: result: ------------------------------
configure:9598: result: 
configure:9777: creating ./config.status

## ---------------------- ##
## Running config.status. ##
## ---------------------- ##

This file was extended by sphinx config.status 0.9.9, which was
generated by GNU Autoconf 2.61.  Invocation command line was

  CONFIG_FILES    = 
  CONFIG_HEADERS  = 
  CONFIG_LINKS    = 
  CONFIG_COMMANDS = 
  $ ./config.status 

on zhudongchangdeMacBook-Pro.local

config.status:677: creating Makefile
config.status:677: creating src/Makefile
config.status:677: creating libstemmer_c/Makefile
config.status:677: creating sphinx-min.conf.dist
config.status:677: creating sphinx.conf.dist
config.status:677: creating config/config.h
config.status:960: config/config.h is unchanged
config.status:1006: executing depfiles commands
configure:11067: result: 
configure:11069: result: configuration done
configure:11072: result: ------------------
configure:11074: result: 

## ---------------- ##
## Cache variables. ##
## ---------------- ##

ac_cv_c_compiler_gnu=yes
ac_cv_c_const=yes
ac_cv_c_inline=inline
ac_cv_cxx_compiler_gnu=yes
ac_cv_define_F_SETLKW=yes
ac_cv_define_LOCK_EX=yes
ac_cv_env_CCC_set=
ac_cv_env_CCC_value=
ac_cv_env_CC_set=
ac_cv_env_CC_value=
ac_cv_env_CFLAGS_set=
ac_cv_env_CFLAGS_value=
ac_cv_env_CPPFLAGS_set=
ac_cv_env_CPPFLAGS_value=
ac_cv_env_CPP_set=
ac_cv_env_CPP_value=
ac_cv_env_CXXFLAGS_set=
ac_cv_env_CXXFLAGS_value=
ac_cv_env_CXX_set=
ac_cv_env_CXX_value=
ac_cv_env_LDFLAGS_set=
ac_cv_env_LDFLAGS_value=
ac_cv_env_LIBS_set=
ac_cv_env_LIBS_value=
ac_cv_env_PYTHON_set=
ac_cv_env_PYTHON_value=
ac_cv_env_build_alias_set=
ac_cv_env_build_alias_value=
ac_cv_env_host_alias_set=
ac_cv_env_host_alias_value=
ac_cv_env_target_alias_set=
ac_cv_env_target_alias_value=
ac_cv_func__doprnt=no
ac_cv_func_dup2=yes
ac_cv_func_fork=yes
ac_cv_func_fork_works=yes
ac_cv_func_gethostbyname=yes
ac_cv_func_gettimeofday=yes
ac_cv_func_logf=yes
ac_cv_func_lstat_dereferences_slashed_symlink=no
ac_cv_func_malloc_0_nonnull=yes
ac_cv_func_memmove=yes
ac_cv_func_memset=yes
ac_cv_func_realloc_0_nonnull=yes
ac_cv_func_select=yes
ac_cv_func_select_args='int,fd_set *,struct timeval *'
ac_cv_func_socket=yes
ac_cv_func_stat_empty_string_bug=no
ac_cv_func_strcasecmp=yes
ac_cv_func_strchr=yes
ac_cv_func_strerror=yes
ac_cv_func_strncasecmp=yes
ac_cv_func_strstr=yes
ac_cv_func_strtol=yes
ac_cv_func_vfork=yes
ac_cv_func_vfork_works=yes
ac_cv_func_vprintf=yes
ac_cv_header_expat_h=yes
ac_cv_header_fcntl_h=yes
ac_cv_header_iconv_h=yes
ac_cv_header_inttypes_h=yes
ac_cv_header_limits_h=yes
ac_cv_header_memory_h=yes
ac_cv_header_netdb_h=yes
ac_cv_header_netinet_in_h=yes
ac_cv_header_pthread_h=yes
ac_cv_header_stdbool_h=yes
ac_cv_header_stdc=yes
ac_cv_header_stdint_h=yes
ac_cv_header_stdlib_h=yes
ac_cv_header_string_h=yes
ac_cv_header_strings_h=yes
ac_cv_header_sys_file_h=yes
ac_cv_header_sys_select_h=yes
ac_cv_header_sys_socket_h=yes
ac_cv_header_sys_stat_h=yes
ac_cv_header_sys_time_h=yes
ac_cv_header_sys_types_h=yes
ac_cv_header_sys_wait_h=yes
ac_cv_header_time=yes
ac_cv_header_unistd_h=yes
ac_cv_header_vfork_h=no
ac_cv_header_zlib_h=yes
ac_cv_mmseg_includes=/usr/local/mmseg3/include/mmseg/
ac_cv_mmseg_libs=/usr/local/mmseg3/lib/
ac_cv_mysql_includes=/usr/local/Cellar/mysql/5.7.9/include/mysql
ac_cv_mysql_libs=/usr/local/Cellar/mysql/5.7.9/lib
ac_cv_objext=o
ac_cv_path_EGREP='/usr/bin/grep -E'
ac_cv_path_GREP=/usr/bin/grep
ac_cv_path_PYTHON=/usr/bin/python
ac_cv_path_install='/usr/bin/install -c'
ac_cv_prog_AWK=awk
ac_cv_prog_CPP='gcc -E'
ac_cv_prog_ac_ct_CC=gcc
ac_cv_prog_ac_ct_CXX=g++
ac_cv_prog_ac_ct_RANLIB=ranlib
ac_cv_prog_cc_c89=
ac_cv_prog_cc_g=yes
ac_cv_prog_cxx_g=yes
ac_cv_prog_make_make_set=yes
ac_cv_search_XML_Parse=-lexpat
ac_cv_search_gethostbyname='none required'
ac_cv_search_iconv=-liconv
ac_cv_search_inflate=-lz
ac_cv_search_logf='none required'
ac_cv_search_setsockopt='none required'
ac_cv_type__Bool=yes
ac_cv_type_off_t=yes
ac_cv_type_pid_t=yes
ac_cv_type_signal=void
ac_cv_type_size_t=yes
ac_cv_use_debug=no
ac_cv_use_libstemmer=no
ac_cv_use_mmseg=yes
ac_cv_use_mysql=yes
ac_cv_use_pgsql=no
am_cv_CC_dependencies_compiler_type=gcc3
am_cv_CXX_dependencies_compiler_type=gcc3
am_cv_python_platform=darwin
am_cv_python_pyexecdir='${exec_prefix}/lib/python2.7/site-packages'
am_cv_python_pythondir='${prefix}/lib/python2.7/site-packages'
am_cv_python_version=2.7

## ----------------- ##
## Output variables. ##
## ----------------- ##

ACLOCAL='${SHELL} /Users/zhudongchang/WorkData/tool/csft-3.1/config/missing --run aclocal-1.8'
AMDEPBACKSLASH='\'
AMDEP_FALSE='#'
AMDEP_TRUE=''
AMTAR='${SHELL} /Users/zhudongchang/WorkData/tool/csft-3.1/config/missing --run tar'
AUTOCONF='${SHELL} /Users/zhudongchang/WorkData/tool/csft-3.1/config/missing --run autoconf'
AUTOHEADER='${SHELL} /Users/zhudongchang/WorkData/tool/csft-3.1/config/missing --run autoheader'
AUTOMAKE='${SHELL} /Users/zhudongchang/WorkData/tool/csft-3.1/config/missing --run automake-1.8'
AWK='awk'
CC='gcc'
CCDEPMODE='depmode=gcc3'
CFLAGS='-Wall -g -D_FILE_OFFSET_BITS=64 -O3 -DNDEBUG'
CONFDIR='/usr/local/coreseek/var'
CPP='gcc -E'
CPPFLAGS=' -I/usr/local/include -I/usr/local/Cellar/mysql/5.7.9/include/mysql  -I/usr/local/mmseg3/include/mmseg/ '
CXX='g++'
CXXDEPMODE='depmode=gcc3'
CXXFLAGS='-Wall -g -D_FILE_OFFSET_BITS=64 -O3 -DNDEBUG'
CYGPATH_W='echo'
DEFS='-DHAVE_CONFIG_H'
DEPDIR='.deps'
ECHO_C='ECHO_N=''
ECHO_T=''
EGREP='/usr/bin/grep -E'
EXEEXT=''
GREP='/usr/bin/grep'
INSTALL_DATA='${INSTALL} -m 644'
INSTALL_PROGRAM='${INSTALL}'
INSTALL_SCRIPT='${INSTALL}'
INSTALL_STRIP_PROGRAM='${SHELL} $(install_sh) -c -s'
LDFLAGS=''
LIBOBJS=' ${LIBOBJDIR}lstat$U.o'
LIBS='-lz -liconv -lexpat  -L/usr/local/lib -lpthread '
LTLIBOBJS=' ${LIBOBJDIR}lstat$U.lo'
MAINT='#'
MAINTAINER_MODE_FALSE=''
MAINTAINER_MODE_TRUE='#'
MAKEINFO='${SHELL} /Users/zhudongchang/WorkData/tool/csft-3.1/config/missing --run makeinfo'
MMSEG_CFLAGS='-I/usr/local/mmseg3/include/mmseg/'
MMSEG_LIBS='-L/usr/local/mmseg3/lib/ -lmmseg'
MYSQL_CFLAGS='-I/usr/local/Cellar/mysql/5.7.9/include/mysql'
MYSQL_LIBS='-L/usr/local/Cellar/mysql/5.7.9/lib -lmysqlclient -lz'
OBJEXT='o'
PACKAGE='sphinx'
PACKAGE_BUGREPORT='shodan(at)shodan.ru'
PACKAGE_NAME='sphinx'
PACKAGE_STRING='sphinx 0.9.9'
PACKAGE_TARNAME='sphinx'
PACKAGE_VERSION='0.9.9'
PATH_SEPARATOR=':'
PGSQL_CFLAGS=''
PGSQL_LIBS=''
PYTHON='/usr/bin/python'
PYTHON_CPPFLAGS=''
PYTHON_EXEC_PREFIX='${exec_prefix}'
PYTHON_LIBS=''
PYTHON_PLATFORM='darwin'
PYTHON_PREFIX='${prefix}'
PYTHON_VERSION='2.7'
RANLIB='ranlib'
SET_MAKE=''
SHELL='/bin/sh'
STRIP=''
USE_LIBSTEMMER_FALSE=''
USE_LIBSTEMMER_TRUE='#'
USE_MMSEG_FALSE='#'
USE_MMSEG_TRUE=''
USE_MYSQL_FALSE='#'
USE_MYSQL_TRUE=''
USE_PGSQL_FALSE=''
USE_PGSQL_TRUE='#'
USE_PYTHON_FALSE=''
USE_PYTHON_TRUE='#'
VERSION='0.9.9'
ac_ct_CC='gcc'
ac_ct_CXX='g++'
am__fastdepCC_FALSE='#'
am__fastdepCC_TRUE=''
am__fastdepCXX_FALSE='#'
am__fastdepCXX_TRUE=''
am__include='include'
am__leading_dot='.'
am__quote=''
bindir='${exec_prefix}/bin'
build_alias=''
datadir='${datarootdir}'
datarootdir='${prefix}/share'
docdir='${datarootdir}/doc/${PACKAGE_TARNAME}'
dvidir='${docdir}'
exec_prefix='${prefix}'
host_alias=''
htmldir='${docdir}'
includedir='${prefix}/include'
infodir='${datarootdir}/info'
install_sh='/Users/zhudongchang/WorkData/tool/csft-3.1/config/install-sh'
libdir='${exec_prefix}/lib'
libexecdir='${exec_prefix}/libexec'
localedir='${datarootdir}/locale'
localstatedir='${prefix}/var'
mandir='${datarootdir}/man'
mkdir_p='$(install_sh) -d'
oldincludedir='/usr/include'
pdfdir='${docdir}'
pgconfig=''
pkgpyexecdir='${pyexecdir}/sphinx'
pkgpythondir='${pythondir}/sphinx'
prefix='/usr/local/coreseek'
program_transform_name='s,x,x,'
psdir='${docdir}'
pyexecdir='${exec_prefix}/lib/python2.7/site-packages'
pythondir='${prefix}/lib/python2.7/site-packages'
sbindir='${exec_prefix}/sbin'
sharedstatedir='${prefix}/com'
sysconfdir='${prefix}/etc'
target_alias=''

## ----------- ##
## confdefs.h. ##
## ----------- ##

#define PACKAGE_NAME "sphinx"
#define PACKAGE_TARNAME "sphinx"
#define PACKAGE_VERSION "0.9.9"
#define PACKAGE_STRING "sphinx 0.9.9"
#define PACKAGE_BUGREPORT "shodan(at)shodan.ru"
#define PACKAGE "sphinx"
#define VERSION "0.9.9"
#define STDC_HEADERS 1
#define HAVE_SYS_WAIT_H 1
#define HAVE_SYS_TYPES_H 1
#define HAVE_SYS_STAT_H 1
#define HAVE_STDLIB_H 1
#define HAVE_STRING_H 1
#define HAVE_MEMORY_H 1
#define HAVE_STRINGS_H 1
#define HAVE_INTTYPES_H 1
#define HAVE_STDINT_H 1
#define HAVE_UNISTD_H 1
#define HAVE_FCNTL_H 1
#define HAVE_LIMITS_H 1
#define HAVE_NETDB_H 1
#define HAVE_NETINET_IN_H 1
#define HAVE_STDLIB_H 1
#define HAVE_STRING_H 1
#define HAVE_SYS_FILE_H 1
#define HAVE_SYS_SOCKET_H 1
#define HAVE_SYS_TIME_H 1
#define HAVE_UNISTD_H 1
#define HAVE_PTHREAD_H 1
#define HAVE__BOOL 1
#define HAVE_STDBOOL_H 1
#define TIME_WITH_SYS_TIME 1
#define HAVE_FORK 1
#define HAVE_VFORK 1
#define HAVE_WORKING_VFORK 1
#define HAVE_WORKING_FORK 1
#define HAVE_STDLIB_H 1
#define HAVE_MALLOC 1
#define HAVE_STDLIB_H 1
#define HAVE_REALLOC 1
#define HAVE_SYS_SELECT_H 1
#define HAVE_SYS_SOCKET_H 1
#define SELECT_TYPE_ARG1 int
#define SELECT_TYPE_ARG234 (fd_set *)
#define SELECT_TYPE_ARG5 (struct timeval *)
#define RETSIGTYPE void
#define HAVE_VPRINTF 1
#define HAVE_DUP2 1
#define HAVE_GETHOSTBYNAME 1
#define HAVE_GETTIMEOFDAY 1
#define HAVE_MEMMOVE 1
#define HAVE_MEMSET 1
#define HAVE_SELECT 1
#define HAVE_SOCKET 1
#define HAVE_STRCASECMP 1
#define HAVE_STRCHR 1
#define HAVE_STRERROR 1
#define HAVE_STRNCASECMP 1
#define HAVE_STRSTR 1
#define HAVE_STRTOL 1
#define HAVE_LOGF 1
#define HAVE_LOCK_EX 1
#define HAVE_F_SETLKW 1
#define USE_MYSQL 1
#define USE_MMSEG 1
#define USE_64BIT 0
#define USE_LIBSTEMMER 0
#define USE_LIBEXPAT 1
#define USE_LIBICONV 1
#define ICONV_INBUF_CONST 0
#define USE_ZLIB 1
#define UNALIGNED_RAM_ACCESS 1

configure: exit 0
