This file contains any messages produced by compilers while
running configure, to aid debugging if configure makes a mistake.

It was created by configure, which was
generated by GNU Autoconf 2.69.  Invocation command line was

  $ ./configure 

## --------- ##
## Platform. ##
## --------- ##

hostname = zhudongchangdeMacBook-Pro.local
uname -m = x86_64
uname -r = 15.0.0
uname -s = Darwin
uname -v = Darwin Kernel Version 15.0.0: Wed Aug 26 16:57:32 PDT 2015; root:xnu-3247.1.106~1/RELEASE_X86_64

/usr/bin/uname -p = i386
/bin/uname -X     = unknown

/bin/arch              = unknown
/usr/bin/arch -k       = unknown
/usr/convex/getsysinfo = unknown
/usr/bin/hostinfo      = Mach kernel version:
	 Darwin Kernel Version 15.0.0: Wed Aug 26 16:57:32 PDT 2015; root:xnu-3247.1.106~1/RELEASE_X86_64
Kernel configured for up to 4 processors.
2 processors are physically available.
4 processors are logically available.
Processor type: x86_64h (Intel x86-64h Haswell)
Processors active: 0 1 2 3
Primary memory available: 8.00 gigabytes
Default processor set: 285 tasks, 1055 threads, 4 processors
Load average: 1.88, Mach factor: 2.11
/bin/machine           = unknown
/usr/bin/oslevel       = unknown
/bin/universe          = unknown

PATH: /usr/local/sbin
PATH: /usr/local/bin
PATH: /usr/bin
PATH: /bin
PATH: /usr/sbin
PATH: /sbin


## ----------- ##
## Core tests. ##
## ----------- ##

configure:2313: checking for grep that handles long lines and -e
configure:2371: result: /usr/bin/grep
configure:2376: checking for egrep
configure:2438: result: /usr/bin/grep -E
configure:2443: checking for a sed that does not truncate output
configure:2497: result: /usr/bin/sed
configure:2629: checking for cc
configure:2645: found /usr/bin/cc
configure:2656: result: cc
configure:2687: checking for C compiler version
configure:2696: cc --version >&5
Apple LLVM version 7.0.0 (clang-700.1.76)
Target: x86_64-apple-darwin15.0.0
Thread model: posix
configure:2707: $? = 0
configure:2696: cc -v >&5
Apple LLVM version 7.0.0 (clang-700.1.76)
Target: x86_64-apple-darwin15.0.0
Thread model: posix
configure:2707: $? = 0
configure:2696: cc -V >&5
clang: error: argument to '-V' is missing (expected 1 value)
clang: error: no input files
configure:2707: $? = 1
configure:2696: cc -qversion >&5
clang: error: unknown argument: '-qversion'
clang: error: no input files
configure:2707: $? = 1
configure:2727: checking whether the C compiler works
configure:2749: cc    conftest.c  >&5
configure:2753: $? = 0
configure:2801: result: yes
configure:2804: checking for C compiler default output file name
configure:2806: result: a.out
configure:2812: checking for suffix of executables
configure:2819: cc -o conftest    conftest.c  >&5
configure:2823: $? = 0
configure:2845: result: 
configure:2867: checking whether we are cross compiling
configure:2875: cc -o conftest    conftest.c  >&5
configure:2879: $? = 0
configure:2886: ./conftest
configure:2890: $? = 0
configure:2905: result: no
configure:2910: checking for suffix of object files
configure:2932: cc -c   conftest.c >&5
configure:2936: $? = 0
configure:2957: result: o
configure:2961: checking whether we are using the GNU C compiler
configure:2980: cc -c   conftest.c >&5
configure:2980: $? = 0
configure:2989: result: yes
configure:2998: checking whether cc accepts -g
configure:3018: cc -c -g  conftest.c >&5
configure:3018: $? = 0
configure:3059: result: yes
configure:3076: checking for cc option to accept ISO C89
configure:3139: cc  -c -g -O2  conftest.c >&5
configure:3139: $? = 0
configure:3152: result: none needed
configure:3178: checking how to run the C preprocessor
configure:3209: cc -E  conftest.c
configure:3209: $? = 0
configure:3223: cc -E  conftest.c
conftest.c:9:10: fatal error: 'ac_nonexistent.h' file not found
#include <ac_nonexistent.h>
         ^
1 error generated.
configure:3223: $? = 1
configure: failed program was:
| /* confdefs.h */
| #define PACKAGE_NAME ""
| #define PACKAGE_TARNAME ""
| #define PACKAGE_VERSION ""
| #define PACKAGE_STRING ""
| #define PACKAGE_BUGREPORT ""
| #define PACKAGE_URL ""
| /* end confdefs.h.  */
| #include <ac_nonexistent.h>
configure:3248: result: cc -E
configure:3268: cc -E  conftest.c
configure:3268: $? = 0
configure:3282: cc -E  conftest.c
conftest.c:9:10: fatal error: 'ac_nonexistent.h' file not found
#include <ac_nonexistent.h>
         ^
1 error generated.
configure:3282: $? = 1
configure: failed program was:
| /* confdefs.h */
| #define PACKAGE_NAME ""
| #define PACKAGE_TARNAME ""
| #define PACKAGE_VERSION ""
| #define PACKAGE_STRING ""
| #define PACKAGE_BUGREPORT ""
| #define PACKAGE_URL ""
| /* end confdefs.h.  */
| #include <ac_nonexistent.h>
configure:3313: checking for icc
configure:3322: result: no
configure:3336: checking for suncc
configure:3345: result: no
configure:3363: checking whether cc understands -c and -o together
configure:3391: cc -c conftest.c -o conftest2.o >&5
configure:3395: $? = 0
configure:3401: cc -c conftest.c -o conftest2.o >&5
configure:3405: $? = 0
configure:3460: result: yes
configure:3474: checking for system library directory
configure:3489: result: lib
configure:3496: checking if compiler supports -R
configure:3515: cc -o conftest -g -O2   conftest.c -R /usr/lib  >&5
warning: unknown remark option '-R' [-Wunknown-warning-option]
1 warning generated.
ld: can't map file, errno=22 file '/usr/lib' for architecture x86_64
clang: error: linker command failed with exit code 1 (use -v to see invocation)
configure:3515: $? = 1
configure: failed program was:
| /* confdefs.h */
| #define PACKAGE_NAME ""
| #define PACKAGE_TARNAME ""
| #define PACKAGE_VERSION ""
| #define PACKAGE_STRING ""
| #define PACKAGE_BUGREPORT ""
| #define PACKAGE_URL ""
| /* end confdefs.h.  */
| 
| int
| main ()
| {
| 
|   ;
|   return 0;
| }
configure:3525: result: no
configure:3530: checking if compiler supports -Wl,-rpath,
configure:3549: cc -o conftest -g -O2   conftest.c -Wl,-rpath,/usr/lib  >&5
configure:3549: $? = 0
configure:3559: result: yes
configure:3604: checking build system type
configure:3618: result: x86_64-apple-darwin15.0.0
configure:3638: checking host system type
configure:3651: result: x86_64-apple-darwin15.0.0
configure:3671: checking target system type
configure:3684: result: x86_64-apple-darwin15.0.0
configure:3787: checking for PHP prefix
configure:3789: result: /usr/local/Cellar/php56/5.6.16
configure:3791: checking for PHP includes
configure:3793: result: -I/usr/local/Cellar/php56/5.6.16/include/php -I/usr/local/Cellar/php56/5.6.16/include/php/main -I/usr/local/Cellar/php56/5.6.16/include/php/TSRM -I/usr/local/Cellar/php56/5.6.16/include/php/Zend -I/usr/local/Cellar/php56/5.6.16/include/php/ext -I/usr/local/Cellar/php56/5.6.16/include/php/ext/date/lib
configure:3795: checking for PHP extension directory
configure:3797: result: /usr/local/Cellar/php56/5.6.16/lib/php/extensions/debug-non-zts-20131226
configure:3799: checking for PHP installed headers prefix
configure:3801: result: /usr/local/Cellar/php56/5.6.16/include/php
configure:3804: checking if debug is enabled
configure:3830: result: yes
configure:3833: checking if zts is enabled
configure:3859: result: yes
configure:3930: checking for re2c
configure:3960: result: no
configure:3985: WARNING: You will need re2c 0.13.4 or later if you want to regenerate PHP parsers.
configure:3999: checking for gawk
configure:4030: result: no
configure:3999: checking for nawk
configure:4030: result: no
configure:3999: checking for awk
configure:4016: found /usr/bin/awk
configure:4027: result: awk
configure:4050: checking if awk is broken
configure:4057: result: no
configure:4070: checking whether to enable APCu support
configure:4109: result: yes, shared
configure:4116: checking if APCu should provide APC full compatibility support
configure:4128: result: yes
configure:4131: checking if APCu should be allowed to use rwlocks
configure:4140: result: yes
configure:4143: checking if APCu should be built in debug mode
configure:4156: result: no
configure:4159: checking if APCu should clear on SIGUSR1
configure:4172: result: no
configure:4178: checking if APCu will use mmap or shm
configure:4191: result: mmap
configure:4196: checking if APCu should utilize spinlocks before flocks
configure:4208: result: no
configure:4283: cc -o conftest -g  -O0   conftest.c  -lpthread >&5
conftest.c:14:11: warning: type specifier missing, defaults to 'int' [-Wimplicit-int]
          main() {
          ^
conftest.c:19:11: warning: implicit declaration of function 'puts' is invalid in C99 [-Wimplicit-function-declaration]
                                      puts("Unable to initialize pthread attributes (pthread_rwlockattr_init).");
                                      ^
2 warnings generated.
configure:4283: $? = 0
configure:4283: ./conftest
configure:4283: $? = 0
configure:4299: WARNING: APCu has access to native rwlocks
configure:4316: checking whether the target compiler supports builtin atomics
configure:4339: cc -o conftest -g  -O0   conftest.c  >&5
configure:4339: $? = 0
configure:4348: result: yes
configure:4466: checking for sigaction
configure:4466: cc -o conftest -g  -O0   conftest.c  >&5
configure:4466: $? = 0
configure:4466: result: yes
configure:4475: checking for union semun
configure:4496: cc -c -g  -O0  conftest.c >&5
configure:4496: $? = 0
configure:4508: result: yes
configure:4520: checking for ANSI C header files
configure:4540: cc -c -g  -O0  conftest.c >&5
configure:4540: $? = 0
configure:4613: cc -o conftest -g  -O0   conftest.c  >&5
configure:4613: $? = 0
configure:4613: ./conftest
configure:4613: $? = 0
configure:4624: result: yes
configure:4637: checking for sys/types.h
configure:4637: cc -c -g  -O0  conftest.c >&5
configure:4637: $? = 0
configure:4637: result: yes
configure:4637: checking for sys/stat.h
configure:4637: cc -c -g  -O0  conftest.c >&5
configure:4637: $? = 0
configure:4637: result: yes
configure:4637: checking for stdlib.h
configure:4637: cc -c -g  -O0  conftest.c >&5
configure:4637: $? = 0
configure:4637: result: yes
configure:4637: checking for string.h
configure:4637: cc -c -g  -O0  conftest.c >&5
configure:4637: $? = 0
configure:4637: result: yes
configure:4637: checking for memory.h
configure:4637: cc -c -g  -O0  conftest.c >&5
configure:4637: $? = 0
configure:4637: result: yes
configure:4637: checking for strings.h
configure:4637: cc -c -g  -O0  conftest.c >&5
configure:4637: $? = 0
configure:4637: result: yes
configure:4637: checking for inttypes.h
configure:4637: cc -c -g  -O0  conftest.c >&5
configure:4637: $? = 0
configure:4637: result: yes
configure:4637: checking for stdint.h
configure:4637: cc -c -g  -O0  conftest.c >&5
configure:4637: $? = 0
configure:4637: result: yes
configure:4637: checking for unistd.h
configure:4637: cc -c -g  -O0  conftest.c >&5
configure:4637: $? = 0
configure:4637: result: yes
configure:4657: checking valgrind/memcheck.h usability
configure:4657: cc -c -g  -O0  conftest.c >&5
conftest.c:58:10: fatal error: 'valgrind/memcheck.h' file not found
#include <valgrind/memcheck.h>
         ^
1 error generated.
configure:4657: $? = 1
configure: failed program was:
| /* confdefs.h */
| #define PACKAGE_NAME ""
| #define PACKAGE_TARNAME ""
| #define PACKAGE_VERSION ""
| #define PACKAGE_STRING ""
| #define PACKAGE_BUGREPORT ""
| #define PACKAGE_URL ""
| #define APC_FULL_BC 1
| #define APC_MMAP 1
| #define APC_NATIVE_RWLOCK 1
| #define HAVE_ATOMIC_OPERATIONS 1
| #define HAVE_SIGACTION 1
| #define HAVE_SEMUN 1
| #define STDC_HEADERS 1
| #define HAVE_SYS_TYPES_H 1
| #define HAVE_SYS_STAT_H 1
| #define HAVE_STDLIB_H 1
| #define HAVE_STRING_H 1
| #define HAVE_MEMORY_H 1
| #define HAVE_STRINGS_H 1
| #define HAVE_INTTYPES_H 1
| #define HAVE_STDINT_H 1
| #define HAVE_UNISTD_H 1
| /* end confdefs.h.  */
| #include <stdio.h>
| #ifdef HAVE_SYS_TYPES_H
| # include <sys/types.h>
| #endif
| #ifdef HAVE_SYS_STAT_H
| # include <sys/stat.h>
| #endif
| #ifdef STDC_HEADERS
| # include <stdlib.h>
| # include <stddef.h>
| #else
| # ifdef HAVE_STDLIB_H
| #  include <stdlib.h>
| # endif
| #endif
| #ifdef HAVE_STRING_H
| # if !defined STDC_HEADERS && defined HAVE_MEMORY_H
| #  include <memory.h>
| # endif
| # include <string.h>
| #endif
| #ifdef HAVE_STRINGS_H
| # include <strings.h>
| #endif
| #ifdef HAVE_INTTYPES_H
| # include <inttypes.h>
| #endif
| #ifdef HAVE_STDINT_H
| # include <stdint.h>
| #endif
| #ifdef HAVE_UNISTD_H
| # include <unistd.h>
| #endif
| #include <valgrind/memcheck.h>
configure:4657: result: no
configure:4657: checking valgrind/memcheck.h presence
configure:4657: cc -E  conftest.c
conftest.c:25:10: fatal error: 'valgrind/memcheck.h' file not found
#include <valgrind/memcheck.h>
         ^
1 error generated.
configure:4657: $? = 1
configure: failed program was:
| /* confdefs.h */
| #define PACKAGE_NAME ""
| #define PACKAGE_TARNAME ""
| #define PACKAGE_VERSION ""
| #define PACKAGE_STRING ""
| #define PACKAGE_BUGREPORT ""
| #define PACKAGE_URL ""
| #define APC_FULL_BC 1
| #define APC_MMAP 1
| #define APC_NATIVE_RWLOCK 1
| #define HAVE_ATOMIC_OPERATIONS 1
| #define HAVE_SIGACTION 1
| #define HAVE_SEMUN 1
| #define STDC_HEADERS 1
| #define HAVE_SYS_TYPES_H 1
| #define HAVE_SYS_STAT_H 1
| #define HAVE_STDLIB_H 1
| #define HAVE_STRING_H 1
| #define HAVE_MEMORY_H 1
| #define HAVE_STRINGS_H 1
| #define HAVE_INTTYPES_H 1
| #define HAVE_STDINT_H 1
| #define HAVE_UNISTD_H 1
| /* end confdefs.h.  */
| #include <valgrind/memcheck.h>
configure:4657: result: no
configure:4657: checking for valgrind/memcheck.h
configure:4657: result: no
configure:4776: checking for shm_open in -lrt
configure:4801: cc -o conftest -g  -O0   conftest.c -lrt   >&5
ld: library not found for -lrt
clang: error: linker command failed with exit code 1 (use -v to see invocation)
configure:4801: $? = 1
configure: failed program was:
| /* confdefs.h */
| #define PACKAGE_NAME ""
| #define PACKAGE_TARNAME ""
| #define PACKAGE_VERSION ""
| #define PACKAGE_STRING ""
| #define PACKAGE_BUGREPORT ""
| #define PACKAGE_URL ""
| #define APC_FULL_BC 1
| #define APC_MMAP 1
| #define APC_NATIVE_RWLOCK 1
| #define HAVE_ATOMIC_OPERATIONS 1
| #define HAVE_SIGACTION 1
| #define HAVE_SEMUN 1
| #define STDC_HEADERS 1
| #define HAVE_SYS_TYPES_H 1
| #define HAVE_SYS_STAT_H 1
| #define HAVE_STDLIB_H 1
| #define HAVE_STRING_H 1
| #define HAVE_MEMORY_H 1
| #define HAVE_STRINGS_H 1
| #define HAVE_INTTYPES_H 1
| #define HAVE_STDINT_H 1
| #define HAVE_UNISTD_H 1
| /* end confdefs.h.  */
| 
| /* Override any GCC internal prototype to avoid an error.
|    Use char because int might match the return type of a GCC
|    builtin and then its argument prototype would still apply.  */
| #ifdef __cplusplus
| extern "C"
| #endif
| char shm_open ();
| int
| main ()
| {
| return shm_open ();
|   ;
|   return 0;
| }
configure:4810: result: no
configure:5179: checking whether to include code coverage symbols
configure:5193: result: no
configure:5442: checking for ld used by cc
configure:5509: result: /Applications/Xcode.app/Contents/Developer/Toolchains/XcodeDefault.xctoolchain/usr/bin/ld
configure:5516: checking if the linker (/Applications/Xcode.app/Contents/Developer/Toolchains/XcodeDefault.xctoolchain/usr/bin/ld) is GNU ld
configure:5531: result: no
configure:5536: checking for /Applications/Xcode.app/Contents/Developer/Toolchains/XcodeDefault.xctoolchain/usr/bin/ld option to reload object files
configure:5543: result: -r
configure:5561: checking for BSD-compatible nm
configure:5610: result: /usr/bin/nm
configure:5614: checking whether ln -s works
configure:5618: result: yes
configure:5625: checking how to recognize dependent libraries
configure:5811: result: pass_all
configure:6031: checking dlfcn.h usability
configure:6031: cc -c -g  -O0  conftest.c >&5
configure:6031: $? = 0
configure:6031: result: yes
configure:6031: checking dlfcn.h presence
configure:6031: cc -E  conftest.c
configure:6031: $? = 0
configure:6031: result: yes
configure:6031: checking for dlfcn.h
configure:6031: result: yes
configure:6053: checking the maximum length of command line arguments
configure:6165: result: 196608
configure:6177: checking command to parse /usr/bin/nm output from cc object
configure:6282: cc -c -g  -O0  conftest.c >&5
configure:6285: $? = 0
configure:6289: /usr/bin/nm conftest.o \| sed -n -e 's/^.*[ 	]\([BCDEGRST][BCDEGRST]*\)[ 	][ 	]*\([_A-Za-z][_A-Za-z0-9]*\)$/\1 \2 \2/p' \> conftest.nm
configure:6292: $? = 0
cannot find nm_test_var in conftest.nm
configure:6282: cc -c -g  -O0  conftest.c >&5
configure:6285: $? = 0
configure:6289: /usr/bin/nm conftest.o \| sed -n -e 's/^.*[ 	]\([BCDEGRST][BCDEGRST]*\)[ 	][ 	]*_\([_A-Za-z][_A-Za-z0-9]*\)$/\1 _\2 \2/p' \> conftest.nm
configure:6292: $? = 0
configure:6344: cc -o conftest -g  -O0   conftest.c conftstm.o >&5
warning: (x86_64)  could not find object file symbol for symbol _main
configure:6347: $? = 0
configure:6385: result: ok
configure:6389: checking for objdir
configure:6404: result: .libs
configure:6496: checking for ar
configure:6512: found /usr/bin/ar
configure:6523: result: ar
configure:6588: checking for ranlib
configure:6604: found /usr/bin/ranlib
configure:6615: result: ranlib
configure:6680: checking for strip
configure:6696: found /usr/bin/strip
configure:6707: result: strip
configure:6960: checking for dsymutil
configure:6976: found /usr/bin/dsymutil
configure:6987: result: dsymutil
configure:7052: checking for nmedit
configure:7068: found /usr/bin/nmedit
configure:7079: result: nmedit
configure:7102: checking for -single_module linker flag
configure:7123: result: yes
configure:7125: checking for -exported_symbols_list linker flag
configure:7141: cc -o conftest -g  -O0   -Wl,-exported_symbols_list,conftest.sym conftest.c  >&5
configure:7144: $? = 0
configure:7158: result: yes
configure:7276: checking if cc supports -fno-rtti -fno-exceptions
configure:7294: cc -c -g  -O0  -fno-rtti -fno-exceptions conftest.c >&5
configure:7298: $? = 0
configure:7311: result: yes
configure:7326: checking for cc option to produce PIC
configure:7566: result: -fno-common
configure:7574: checking if cc PIC flag -fno-common works
configure:7592: cc -c -g  -O0  -fno-common -DPIC conftest.c >&5
configure:7596: $? = 0
configure:7609: result: yes
configure:7637: checking if cc static flag -static works
configure:7665: result: no
configure:7675: checking if cc supports -c -o file.o
configure:7696: cc -c -g  -O0  -o out/conftest2.o conftest.c >&5
configure:7700: $? = 0
configure:7722: result: yes
configure:7748: checking whether the cc linker (/Applications/Xcode.app/Contents/Developer/Toolchains/XcodeDefault.xctoolchain/usr/bin/ld) supports shared libraries
configure:8676: result: yes
configure:8743: checking dynamic linker characteristics
configure:9341: result: darwin15.0.0 dyld
configure:9365: checking how to hardcode library paths into programs
configure:9390: result: immediate
configure:9404: checking whether stripping libraries is possible
configure:9418: result: yes
configure:9926: checking if libtool supports shared libraries
configure:9928: result: yes
configure:9931: checking whether to build shared libraries
configure:9952: result: yes
configure:9955: checking whether to build static libraries
configure:9959: result: no
configure:10054: result:
creating libtool
configure:13753: creating ./config.status

## ---------------------- ##
## Running config.status. ##
## ---------------------- ##

This file was extended by config.status, which was
generated by GNU Autoconf 2.69.  Invocation command line was

  CONFIG_FILES    = 
  CONFIG_HEADERS  = 
  CONFIG_LINKS    = 
  CONFIG_COMMANDS = 
  $ ./config.status 

on zhudongchangdeMacBook-Pro.local

config.status:683: creating config.h
config.status:773: config.h is unchanged

## ---------------- ##
## Cache variables. ##
## ---------------- ##

PHP_cv_APCU_GCC_ATOMICS=yes
ac_cv_build=x86_64-apple-darwin15.0.0
ac_cv_c_compiler_gnu=yes
ac_cv_env_CC_set=
ac_cv_env_CC_value=
ac_cv_env_CFLAGS_set=
ac_cv_env_CFLAGS_value=
ac_cv_env_CPPFLAGS_set=
ac_cv_env_CPPFLAGS_value=
ac_cv_env_CPP_set=
ac_cv_env_CPP_value=
ac_cv_env_LDFLAGS_set=
ac_cv_env_LDFLAGS_value=
ac_cv_env_LIBS_set=
ac_cv_env_LIBS_value=
ac_cv_env_build_alias_set=
ac_cv_env_build_alias_value=
ac_cv_env_host_alias_set=
ac_cv_env_host_alias_value=
ac_cv_env_target_alias_set=
ac_cv_env_target_alias_value=
ac_cv_func_sigaction=yes
ac_cv_header_dlfcn_h=yes
ac_cv_header_inttypes_h=yes
ac_cv_header_memory_h=yes
ac_cv_header_stdc=yes
ac_cv_header_stdint_h=yes
ac_cv_header_stdlib_h=yes
ac_cv_header_string_h=yes
ac_cv_header_strings_h=yes
ac_cv_header_sys_stat_h=yes
ac_cv_header_sys_types_h=yes
ac_cv_header_unistd_h=yes
ac_cv_header_valgrind_memcheck_h=no
ac_cv_host=x86_64-apple-darwin15.0.0
ac_cv_objext=o
ac_cv_path_EGREP='/usr/bin/grep -E'
ac_cv_path_GREP=/usr/bin/grep
ac_cv_prog_AWK=awk
ac_cv_prog_CPP='cc -E'
ac_cv_prog_ac_ct_AR=ar
ac_cv_prog_ac_ct_CC=cc
ac_cv_prog_ac_ct_DSYMUTIL=dsymutil
ac_cv_prog_ac_ct_NMEDIT=nmedit
ac_cv_prog_ac_ct_RANLIB=ranlib
ac_cv_prog_ac_ct_STRIP=strip
ac_cv_prog_cc_c89=
ac_cv_prog_cc_cc_c_o=yes
ac_cv_prog_cc_g=yes
ac_cv_target=x86_64-apple-darwin15.0.0
lt_cv_apple_cc_single_mod=yes
lt_cv_deplibs_check_method=pass_all
lt_cv_file_magic_cmd='$MAGIC_CMD'
lt_cv_file_magic_test_file=
lt_cv_ld_exported_symbols_list=yes
lt_cv_ld_reload_flag=-r
lt_cv_objdir=.libs
lt_cv_path_LD=/Applications/Xcode.app/Contents/Developer/Toolchains/XcodeDefault.xctoolchain/usr/bin/ld
lt_cv_path_NM=/usr/bin/nm
lt_cv_path_SED=/usr/bin/sed
lt_cv_prog_compiler_c_o=yes
lt_cv_prog_compiler_pic_works=yes
lt_cv_prog_compiler_rtti_exceptions=yes
lt_cv_prog_compiler_static_works=no
lt_cv_prog_gnu_ld=no
lt_cv_sys_global_symbol_pipe='sed -n -e '\''s/^.*[ 	]\([BCDEGRST][BCDEGRST]*\)[ 	][ 	]*_\([_A-Za-z][_A-Za-z0-9]*\)$/\1 _\2 \2/p'\'''
lt_cv_sys_global_symbol_to_c_name_address='sed -n -e '\''s/^: \([^ ]*\) $/  {\"\1\", (lt_ptr) 0},/p'\'' -e '\''s/^[BCDEGRST] \([^ ]*\) \([^ ]*\)$/  {"\2", (lt_ptr) \&\2},/p'\'''
lt_cv_sys_global_symbol_to_cdecl='sed -n -e '\''s/^. .* \(.*\)$/extern int \1;/p'\'''
lt_cv_sys_lib_dlsearch_path_spec='/usr/local/lib /lib /usr/lib'
lt_cv_sys_lib_search_path_spec='/Applications/Xcode.app/Contents/Developer/Toolchains/XcodeDefault.xctoolchain/usr/lib/clang/7.0.0 /usr/local/lib'
lt_cv_sys_max_cmd_len=196608
lt_lt_cv_prog_compiler_c_o='"yes"'
lt_lt_cv_sys_global_symbol_pipe='"sed -n -e '\''s/^.*[ 	]\\([BCDEGRST][BCDEGRST]*\\)[ 	][ 	]*_\\([_A-Za-z][_A-Za-z0-9]*\\)\$/\\1 _\\2 \\2/p'\''"'
lt_lt_cv_sys_global_symbol_to_c_name_address='"sed -n -e '\''s/^: \\([^ ]*\\) \$/  {\\\"\\1\\\", (lt_ptr) 0},/p'\'' -e '\''s/^[BCDEGRST] \\([^ ]*\\) \\([^ ]*\\)\$/  {\"\\2\", (lt_ptr) \\&\\2},/p'\''"'
lt_lt_cv_sys_global_symbol_to_cdecl='"sed -n -e '\''s/^. .* \\(.*\\)\$/extern int \\1;/p'\''"'
php_cv_cc_dashr=no
php_cv_cc_rpath=yes
php_cv_semun=yes

## ----------------- ##
## Output variables. ##
## ----------------- ##

AR='ar'
AWK='awk'
CC='cc'
CFLAGS='-g  -O0'
CONFIGURE_COMMAND=' '\''./configure'\'' '
CONFIGURE_OPTIONS=''
CPP='cc -E'
CPPFLAGS=' -DHAVE_CONFIG_H'
DEFS='-DHAVE_CONFIG_H'
DSYMUTIL='dsymutil'
ECHO='/bin/echo'
ECHO_C='\c'
ECHO_N=''
ECHO_T=''
EGREP='/usr/bin/grep -E'
EXEEXT=''
GENHTML=''
GREP='/usr/bin/grep'
LCOV=''
LDFLAGS=''
LIBOBJS=''
LIBS=''
LIBTOOL='$(SHELL) $(top_builddir)/libtool'
LN_S='ln -s'
LTLIBOBJS=''
NMEDIT='nmedit'
OBJEXT='o'
PACKAGE_BUGREPORT=''
PACKAGE_NAME=''
PACKAGE_STRING=''
PACKAGE_TARNAME=''
PACKAGE_URL=''
PACKAGE_VERSION=''
PATH_SEPARATOR=':'
RANLIB='ranlib'
RE2C='exit 0;'
SED='/usr/bin/sed'
SHELL='/bin/sh'
SHLIB_DL_SUFFIX_NAME='so'
SHLIB_SUFFIX_NAME='dylib'
STRIP='strip'
ac_ct_CC='cc'
bindir='${exec_prefix}/bin'
build='x86_64-apple-darwin15.0.0'
build_alias=''
build_cpu='x86_64'
build_os='darwin15.0.0'
build_vendor='apple'
datadir='${datarootdir}'
datarootdir='${prefix}/share'
docdir='${datarootdir}/doc/${PACKAGE}'
dvidir='${docdir}'
exec_prefix='$(prefix)'
host='x86_64-apple-darwin15.0.0'
host_alias='x86_64-apple-darwin15.0.0'
host_cpu='x86_64'
host_os='darwin15.0.0'
host_vendor='apple'
htmldir='${docdir}'
includedir='${prefix}/include'
infodir='${datarootdir}/info'
libdir='${exec_prefix}/lib'
libexecdir='${exec_prefix}/libexec'
localedir='${datarootdir}/locale'
localstatedir='${prefix}/var'
mandir='${datarootdir}/man'
oldincludedir='/usr/include'
pdfdir='${docdir}'
prefix='/usr/local/Cellar/php56/5.6.16'
program_transform_name='s,x,x,'
psdir='${docdir}'
sbindir='${exec_prefix}/sbin'
sharedstatedir='${prefix}/com'
sysconfdir='${prefix}/etc'
target='x86_64-apple-darwin15.0.0'
target_alias=''
target_cpu='x86_64'
target_os='darwin15.0.0'
target_vendor='apple'

## ----------- ##
## confdefs.h. ##
## ----------- ##

/* confdefs.h */
#define PACKAGE_NAME ""
#define PACKAGE_TARNAME ""
#define PACKAGE_VERSION ""
#define PACKAGE_STRING ""
#define PACKAGE_BUGREPORT ""
#define PACKAGE_URL ""
#define APC_FULL_BC 1
#define APC_MMAP 1
#define APC_NATIVE_RWLOCK 1
#define HAVE_ATOMIC_OPERATIONS 1
#define HAVE_SIGACTION 1
#define HAVE_SEMUN 1
#define STDC_HEADERS 1
#define HAVE_SYS_TYPES_H 1
#define HAVE_SYS_STAT_H 1
#define HAVE_STDLIB_H 1
#define HAVE_STRING_H 1
#define HAVE_MEMORY_H 1
#define HAVE_STRINGS_H 1
#define HAVE_INTTYPES_H 1
#define HAVE_STDINT_H 1
#define HAVE_UNISTD_H 1
#define COMPILE_DL_APCU 1
#define HAVE_APCU 1
#define HAVE_DLFCN_H 1

configure: exit 0
